{"/Users/yannheeser/Dev/bandao/amplify-js/packages/datastore/__tests__/schema.ts": {"path":"/Users/yannheeser/Dev/bandao/amplify-js/packages/datastore/__tests__/schema.ts","statementMap":{"0":{"start":{"line":3,"column":13},"end":{"line":371,"column":2}}},"fnMap":{},"branchMap":{},"s":{"0":1},"f":{},"b":{}}
,"/Users/yannheeser/Dev/bandao/amplify-js/packages/datastore/src/types.ts": {"path":"/Users/yannheeser/Dev/bandao/amplify-js/packages/datastore/src/types.ts","statementMap":{"0":{"start":{"line":2,"column":0},"end":{"line":2,"column":41}},"1":{"start":{"line":32,"column":1},"end":{"line":32,"column":59}},"2":{"start":{"line":31,"column":0},"end":{"line":31,"column":16}},"3":{"start":{"line":51,"column":1},"end":{"line":51,"column":34}},"4":{"start":{"line":50,"column":0},"end":{"line":50,"column":16}},"5":{"start":{"line":61,"column":1},"end":{"line":61,"column":30}},"6":{"start":{"line":58,"column":0},"end":{"line":58,"column":16}},"7":{"start":{"line":68,"column":0},"end":{"line":68,"column":null}},"8":{"start":{"line":69,"column":1},"end":{"line":69,"column":null}},"9":{"start":{"line":70,"column":1},"end":{"line":70,"column":null}},"10":{"start":{"line":71,"column":1},"end":{"line":71,"column":null}},"11":{"start":{"line":72,"column":1},"end":{"line":72,"column":null}},"12":{"start":{"line":73,"column":1},"end":{"line":73,"column":null}},"13":{"start":{"line":74,"column":1},"end":{"line":74,"column":null}},"14":{"start":{"line":75,"column":1},"end":{"line":75,"column":null}},"15":{"start":{"line":76,"column":1},"end":{"line":76,"column":null}},"16":{"start":{"line":77,"column":1},"end":{"line":77,"column":null}},"17":{"start":{"line":78,"column":1},"end":{"line":78,"column":null}},"18":{"start":{"line":79,"column":1},"end":{"line":79,"column":null}},"19":{"start":{"line":80,"column":1},"end":{"line":80,"column":null}},"20":{"start":{"line":81,"column":1},"end":{"line":81,"column":null}},"21":{"start":{"line":82,"column":1},"end":{"line":82,"column":null}},"22":{"start":{"line":85,"column":0},"end":{"line":85,"column":null}},"23":{"start":{"line":89,"column":2},"end":{"line":109,"column":null}},"24":{"start":{"line":91,"column":4},"end":{"line":91,"column":21}},"25":{"start":{"line":102,"column":4},"end":{"line":102,"column":20}},"26":{"start":{"line":106,"column":4},"end":{"line":106,"column":20}},"27":{"start":{"line":108,"column":4},"end":{"line":108,"column":28}},"28":{"start":{"line":86,"column":17},"end":{"line":110,"column":null}},"29":{"start":{"line":126,"column":1},"end":{"line":126,"column":52}},"30":{"start":{"line":123,"column":0},"end":{"line":123,"column":16}},"31":{"start":{"line":131,"column":42},"end":{"line":131,"column":49}},"32":{"start":{"line":132,"column":1},"end":{"line":132,"column":41}},"33":{"start":{"line":132,"column":29},"end":{"line":132,"column":41}},"34":{"start":{"line":134,"column":1},"end":{"line":134,"column":14}},"35":{"start":{"line":130,"column":0},"end":{"line":130,"column":16}},"36":{"start":{"line":139,"column":44},"end":{"line":139,"column":54}},"37":{"start":{"line":140,"column":1},"end":{"line":140,"column":40}},"38":{"start":{"line":140,"column":28},"end":{"line":140,"column":40}},"39":{"start":{"line":142,"column":1},"end":{"line":142,"column":14}},"40":{"start":{"line":138,"column":0},"end":{"line":138,"column":16}},"41":{"start":{"line":147,"column":41},"end":{"line":147,"column":47}},"42":{"start":{"line":148,"column":1},"end":{"line":148,"column":41}},"43":{"start":{"line":148,"column":29},"end":{"line":148,"column":41}},"44":{"start":{"line":150,"column":1},"end":{"line":150,"column":14}},"45":{"start":{"line":146,"column":0},"end":{"line":146,"column":16}},"46":{"start":{"line":198,"column":0},"end":{"line":198,"column":null}},"47":{"start":{"line":199,"column":1},"end":{"line":199,"column":null}},"48":{"start":{"line":200,"column":1},"end":{"line":200,"column":null}},"49":{"start":{"line":201,"column":1},"end":{"line":201,"column":null}},"50":{"start":{"line":303,"column":1},"end":{"line":303,"column":61}},"51":{"start":{"line":300,"column":0},"end":{"line":300,"column":16}},"52":{"start":{"line":309,"column":1},"end":{"line":309,"column":60}},"53":{"start":{"line":306,"column":0},"end":{"line":306,"column":16}},"54":{"start":{"line":318,"column":0},"end":{"line":318,"column":null}},"55":{"start":{"line":319,"column":1},"end":{"line":319,"column":null}},"56":{"start":{"line":320,"column":1},"end":{"line":320,"column":null}},"57":{"start":{"line":420,"column":13},"end":{"line":420,"column":41}}},"fnMap":{"0":{"name":"isSchemaModel","decl":{"start":{"line":31,"column":16},"end":{"line":31,"column":29}},"loc":{"start":{"line":31,"column":38},"end":{"line":33,"column":1}}},"1":{"name":"isAssociatedWith","decl":{"start":{"line":50,"column":16},"end":{"line":50,"column":32}},"loc":{"start":{"line":50,"column":41},"end":{"line":52,"column":1}}},"2":{"name":"isTargetNameAssociation","decl":{"start":{"line":58,"column":16},"end":{"line":58,"column":39}},"loc":{"start":{"line":59,"column":9},"end":{"line":62,"column":1}}},"3":{"name":"(anonymous_3)","decl":{"start":{"line":68,"column":0},"end":{"line":68,"column":12}},"loc":{"start":{"line":68,"column":29},"end":{"line":83,"column":1}}},"4":{"name":"(anonymous_4)","decl":{"start":{"line":85,"column":0},"end":{"line":85,"column":17}},"loc":{"start":{"line":85,"column":34},"end":{"line":111,"column":1}}},"5":{"name":"getJSType","decl":{"start":{"line":86,"column":17},"end":{"line":86,"column":26}},"loc":{"start":{"line":87,"column":59},"end":{"line":110,"column":2}}},"6":{"name":"isGraphQLScalarType","decl":{"start":{"line":123,"column":16},"end":{"line":123,"column":35}},"loc":{"start":{"line":124,"column":9},"end":{"line":127,"column":1}}},"7":{"name":"isModelFieldType","decl":{"start":{"line":130,"column":16},"end":{"line":130,"column":32}},"loc":{"start":{"line":130,"column":41},"end":{"line":135,"column":1}}},"8":{"name":"isNonModelFieldType","decl":{"start":{"line":138,"column":16},"end":{"line":138,"column":35}},"loc":{"start":{"line":138,"column":44},"end":{"line":143,"column":1}}},"9":{"name":"isEnumFieldType","decl":{"start":{"line":146,"column":16},"end":{"line":146,"column":31}},"loc":{"start":{"line":146,"column":40},"end":{"line":151,"column":1}}},"10":{"name":"(anonymous_10)","decl":{"start":{"line":198,"column":0},"end":{"line":198,"column":12}},"loc":{"start":{"line":198,"column":18},"end":{"line":202,"column":1}}},"11":{"name":"isPredicateObj","decl":{"start":{"line":300,"column":16},"end":{"line":300,"column":30}},"loc":{"start":{"line":301,"column":9},"end":{"line":304,"column":1}}},"12":{"name":"isPredicateGroup","decl":{"start":{"line":306,"column":16},"end":{"line":306,"column":32}},"loc":{"start":{"line":307,"column":9},"end":{"line":310,"column":1}}},"13":{"name":"(anonymous_13)","decl":{"start":{"line":318,"column":0},"end":{"line":318,"column":12}},"loc":{"start":{"line":318,"column":20},"end":{"line":321,"column":1}}}},"branchMap":{"0":{"loc":{"start":{"line":32,"column":8},"end":{"line":32,"column":11}},"type":"binary-expr","locations":[{"start":{"line":32,"column":8},"end":{"line":32,"column":11}},{"start":{"line":32,"column":29},"end":{"line":32,"column":58}}]},"1":{"loc":{"start":{"line":51,"column":8},"end":{"line":51,"column":11}},"type":"binary-expr","locations":[{"start":{"line":51,"column":8},"end":{"line":51,"column":11}},{"start":{"line":51,"column":15},"end":{"line":51,"column":33}}]},"2":{"loc":{"start":{"line":61,"column":8},"end":{"line":61,"column":11}},"type":"binary-expr","locations":[{"start":{"line":61,"column":8},"end":{"line":61,"column":11}},{"start":{"line":61,"column":15},"end":{"line":61,"column":29}}]},"3":{"loc":{"start":{"line":68,"column":12},"end":{"line":68,"column":29}},"type":"binary-expr","locations":[{"start":{"line":68,"column":12},"end":{"line":68,"column":29}},{"start":{"line":68,"column":12},"end":{"line":68,"column":null}}]},"4":{"loc":{"start":{"line":90,"column":3},"end":{"line":91,"column":21}},"type":"switch","locations":[{"start":{"line":90,"column":3},"end":{"line":91,"column":21}},{"start":{"line":92,"column":3},"end":{"line":92,"column":13}},{"start":{"line":93,"column":3},"end":{"line":93,"column":17}},{"start":{"line":94,"column":3},"end":{"line":94,"column":18}},{"start":{"line":95,"column":3},"end":{"line":95,"column":18}},{"start":{"line":96,"column":3},"end":{"line":96,"column":22}},{"start":{"line":97,"column":3},"end":{"line":97,"column":19}},{"start":{"line":98,"column":3},"end":{"line":98,"column":18}},{"start":{"line":99,"column":3},"end":{"line":99,"column":17}},{"start":{"line":100,"column":3},"end":{"line":100,"column":19}},{"start":{"line":101,"column":3},"end":{"line":102,"column":20}},{"start":{"line":103,"column":3},"end":{"line":103,"column":14}},{"start":{"line":104,"column":3},"end":{"line":104,"column":16}},{"start":{"line":105,"column":3},"end":{"line":106,"column":20}},{"start":{"line":107,"column":3},"end":{"line":108,"column":28}}]},"5":{"loc":{"start":{"line":85,"column":17},"end":{"line":85,"column":34}},"type":"binary-expr","locations":[{"start":{"line":85,"column":17},"end":{"line":85,"column":34}},{"start":{"line":85,"column":17},"end":{"line":85,"column":null}}]},"6":{"loc":{"start":{"line":126,"column":8},"end":{"line":126,"column":11}},"type":"binary-expr","locations":[{"start":{"line":126,"column":8},"end":{"line":126,"column":11}},{"start":{"line":126,"column":15},"end":{"line":126,"column":51}}]},"7":{"loc":{"start":{"line":132,"column":1},"end":{"line":132,"column":41}},"type":"if","locations":[{"start":{"line":132,"column":1},"end":{"line":132,"column":41}},{"start":{"line":132,"column":1},"end":{"line":132,"column":41}}]},"8":{"loc":{"start":{"line":132,"column":5},"end":{"line":132,"column":8}},"type":"binary-expr","locations":[{"start":{"line":132,"column":5},"end":{"line":132,"column":8}},{"start":{"line":132,"column":12},"end":{"line":132,"column":27}}]},"9":{"loc":{"start":{"line":140,"column":1},"end":{"line":140,"column":40}},"type":"if","locations":[{"start":{"line":140,"column":1},"end":{"line":140,"column":40}},{"start":{"line":140,"column":1},"end":{"line":140,"column":40}}]},"10":{"loc":{"start":{"line":140,"column":5},"end":{"line":140,"column":8}},"type":"binary-expr","locations":[{"start":{"line":140,"column":5},"end":{"line":140,"column":8}},{"start":{"line":140,"column":12},"end":{"line":140,"column":26}}]},"11":{"loc":{"start":{"line":148,"column":1},"end":{"line":148,"column":41}},"type":"if","locations":[{"start":{"line":148,"column":1},"end":{"line":148,"column":41}},{"start":{"line":148,"column":1},"end":{"line":148,"column":41}}]},"12":{"loc":{"start":{"line":148,"column":5},"end":{"line":148,"column":8}},"type":"binary-expr","locations":[{"start":{"line":148,"column":5},"end":{"line":148,"column":8}},{"start":{"line":148,"column":12},"end":{"line":148,"column":27}}]},"13":{"loc":{"start":{"line":198,"column":12},"end":{"line":198,"column":18}},"type":"binary-expr","locations":[{"start":{"line":198,"column":12},"end":{"line":198,"column":18}},{"start":{"line":198,"column":12},"end":{"line":198,"column":null}}]},"14":{"loc":{"start":{"line":303,"column":8},"end":{"line":303,"column":11}},"type":"binary-expr","locations":[{"start":{"line":303,"column":8},"end":{"line":303,"column":11}},{"start":{"line":303,"column":36},"end":{"line":303,"column":60}}]},"15":{"loc":{"start":{"line":309,"column":8},"end":{"line":309,"column":11}},"type":"binary-expr","locations":[{"start":{"line":309,"column":8},"end":{"line":309,"column":11}},{"start":{"line":309,"column":36},"end":{"line":309,"column":59}}]},"16":{"loc":{"start":{"line":318,"column":12},"end":{"line":318,"column":20}},"type":"binary-expr","locations":[{"start":{"line":318,"column":12},"end":{"line":318,"column":20}},{"start":{"line":318,"column":12},"end":{"line":318,"column":null}}]}},"s":{"0":2,"1":16,"2":2,"3":0,"4":2,"5":16,"6":2,"7":2,"8":2,"9":2,"10":2,"11":2,"12":2,"13":2,"14":2,"15":2,"16":2,"17":2,"18":2,"19":2,"20":2,"21":2,"22":2,"23":0,"24":0,"25":0,"26":0,"27":0,"28":2,"29":88,"30":2,"31":0,"32":0,"33":0,"34":0,"35":2,"36":88,"37":88,"38":16,"39":72,"40":2,"41":48,"42":48,"43":0,"44":48,"45":2,"46":2,"47":2,"48":2,"49":2,"50":0,"51":2,"52":0,"53":2,"54":2,"55":2,"56":2,"57":2},"f":{"0":16,"1":0,"2":16,"3":2,"4":2,"5":0,"6":88,"7":0,"8":88,"9":48,"10":2,"11":0,"12":0,"13":2},"b":{"0":[16,16],"1":[0,0],"2":[16,16],"3":[2,2],"4":[0,0,0,0,0,0,0,0,0,0,0,0,0,0,0],"5":[2,0],"6":[88,88],"7":[0,0],"8":[0,0],"9":[16,72],"10":[88,88],"11":[0,48],"12":[48,48],"13":[2,2],"14":[0,0],"15":[0,0],"16":[2,2]}}
,"/Users/yannheeser/Dev/bandao/amplify-js/packages/datastore/src/util.ts": {"path":"/Users/yannheeser/Dev/bandao/amplify-js/packages/datastore/src/util.ts","statementMap":{"0":{"start":{"line":1,"column":0},"end":{"line":1,"column":32}},"1":{"start":{"line":2,"column":0},"end":{"line":2,"column":38}},"2":{"start":{"line":3,"column":0},"end":{"line":3,"column":46}},"3":{"start":{"line":4,"column":0},"end":{"line":4,"column":34}},"4":{"start":{"line":6,"column":0},"end":{"line":6,"column":null}},"5":{"start":{"line":21,"column":13},"end":{"line":25,"column":2}},"6":{"start":{"line":21,"column":44},"end":{"line":21,"column":null}},"7":{"start":{"line":22,"column":1},"end":{"line":24,"column":null}},"8":{"start":{"line":23,"column":2},"end":{"line":23,"column":36}},"9":{"start":{"line":27,"column":13},"end":{"line":71,"column":2}},"10":{"start":{"line":33,"column":18},"end":{"line":33,"column":23}},"11":{"start":{"line":35,"column":1},"end":{"line":37,"column":null}},"12":{"start":{"line":36,"column":2},"end":{"line":36,"column":14}},"13":{"start":{"line":39,"column":1},"end":{"line":52,"column":null}},"14":{"start":{"line":41,"column":3},"end":{"line":41,"column":24}},"15":{"start":{"line":42,"column":3},"end":{"line":42,"column":21}},"16":{"start":{"line":43,"column":3},"end":{"line":43,"column":9}},"17":{"start":{"line":45,"column":3},"end":{"line":45,"column":24}},"18":{"start":{"line":46,"column":3},"end":{"line":46,"column":9}},"19":{"start":{"line":48,"column":3},"end":{"line":48,"column":23}},"20":{"start":{"line":49,"column":3},"end":{"line":49,"column":9}},"21":{"start":{"line":51,"column":3},"end":{"line":51,"column":30}},"22":{"start":{"line":54,"column":25},"end":{"line":68,"column":3}},"23":{"start":{"line":55,"column":2},"end":{"line":60,"column":null}},"24":{"start":{"line":56,"column":11},"end":{"line":56,"column":16}},"25":{"start":{"line":56,"column":18},"end":{"line":56,"column":26}},"26":{"start":{"line":56,"column":28},"end":{"line":56,"column":35}},"27":{"start":{"line":57,"column":17},"end":{"line":57,"column":29}},"28":{"start":{"line":59,"column":3},"end":{"line":59,"column":59}},"29":{"start":{"line":62,"column":2},"end":{"line":65,"column":null}},"30":{"start":{"line":63,"column":11},"end":{"line":63,"column":15}},"31":{"start":{"line":63,"column":17},"end":{"line":63,"column":27}},"32":{"start":{"line":64,"column":3},"end":{"line":64,"column":53}},"33":{"start":{"line":67,"column":2},"end":{"line":67,"column":46}},"34":{"start":{"line":70,"column":1},"end":{"line":70,"column":38}},"35":{"start":{"line":73,"column":31},"end":{"line":108,"column":1}},"36":{"start":{"line":78,"column":1},"end":{"line":107,"column":null}},"37":{"start":{"line":80,"column":3},"end":{"line":80,"column":28}},"38":{"start":{"line":82,"column":3},"end":{"line":82,"column":28}},"39":{"start":{"line":84,"column":3},"end":{"line":84,"column":27}},"40":{"start":{"line":86,"column":3},"end":{"line":86,"column":26}},"41":{"start":{"line":88,"column":3},"end":{"line":88,"column":27}},"42":{"start":{"line":90,"column":3},"end":{"line":90,"column":26}},"43":{"start":{"line":92,"column":9},"end":{"line":92,"column":10}},"44":{"start":{"line":92,"column":10},"end":{"line":92,"column":13}},"45":{"start":{"line":92,"column":15},"end":{"line":92,"column":37}},"46":{"start":{"line":93,"column":3},"end":{"line":93,"column":39}},"47":{"start":{"line":95,"column":3},"end":{"line":95,"column":76}},"48":{"start":{"line":97,"column":3},"end":{"line":99,"column":5}},"49":{"start":{"line":101,"column":3},"end":{"line":103,"column":5}},"50":{"start":{"line":105,"column":3},"end":{"line":105,"column":36}},"51":{"start":{"line":106,"column":3},"end":{"line":106,"column":16}},"52":{"start":{"line":110,"column":13},"end":{"line":116,"column":2}},"53":{"start":{"line":113,"column":1},"end":{"line":115,"column":3}},"54":{"start":{"line":118,"column":13},"end":{"line":170,"column":2}},"55":{"start":{"line":121,"column":40},"end":{"line":121,"column":42}},"56":{"start":{"line":123,"column":1},"end":{"line":167,"column":4}},"57":{"start":{"line":124,"column":2},"end":{"line":124,"column":58}},"58":{"start":{"line":126,"column":16},"end":{"line":126,"column":38}},"59":{"start":{"line":127,"column":2},"end":{"line":148,"column":5}},"60":{"start":{"line":128,"column":26},"end":{"line":128,"column":44}},"61":{"start":{"line":129,"column":3},"end":{"line":147,"column":null}},"62":{"start":{"line":133,"column":27},"end":{"line":133,"column":68}},"63":{"start":{"line":134,"column":4},"end":{"line":140,"column":7}},"64":{"start":{"line":142,"column":4},"end":{"line":146,"column":null}},"65":{"start":{"line":143,"column":5},"end":{"line":145,"column":7}},"66":{"start":{"line":151,"column":2},"end":{"line":166,"column":null}},"67":{"start":{"line":152,"column":3},"end":{"line":165,"column":6}},"68":{"start":{"line":153,"column":4},"end":{"line":164,"column":null}},"69":{"start":{"line":154,"column":13},"end":{"line":154,"column":19}},"70":{"start":{"line":155,"column":5},"end":{"line":163,"column":null}},"71":{"start":{"line":156,"column":6},"end":{"line":162,"column":9}},"72":{"start":{"line":158,"column":22},"end":{"line":158,"column":64}},"73":{"start":{"line":159,"column":7},"end":{"line":161,"column":null}},"74":{"start":{"line":160,"column":8},"end":{"line":160,"column":47}},"75":{"start":{"line":169,"column":1},"end":{"line":169,"column":21}},"76":{"start":{"line":172,"column":34},"end":{"line":172,"column":74}},"77":{"start":{"line":174,"column":13},"end":{"line":295,"column":2}},"78":{"start":{"line":184,"column":23},"end":{"line":184,"column":46}},"79":{"start":{"line":185,"column":26},"end":{"line":187,"column":null}},"80":{"start":{"line":190,"column":18},"end":{"line":190,"column":45}},"81":{"start":{"line":195,"column":7},"end":{"line":195,"column":9}},"82":{"start":{"line":197,"column":21},"end":{"line":271,"column":3}},"83":{"start":{"line":198,"column":2},"end":{"line":270,"column":5}},"84":{"start":{"line":199,"column":28},"end":{"line":201,"column":null}},"85":{"start":{"line":204,"column":3},"end":{"line":269,"column":null}},"86":{"start":{"line":206,"column":5},"end":{"line":226,"column":null}},"87":{"start":{"line":207,"column":23},"end":{"line":207,"column":26}},"88":{"start":{"line":208,"column":6},"end":{"line":215,"column":null}},"89":{"start":{"line":209,"column":7},"end":{"line":212,"column":9}},"90":{"start":{"line":217,"column":6},"end":{"line":221,"column":9}},"91":{"start":{"line":223,"column":12},"end":{"line":225,"column":12}},"92":{"start":{"line":228,"column":5},"end":{"line":228,"column":11}},"93":{"start":{"line":230,"column":5},"end":{"line":252,"column":null}},"94":{"start":{"line":231,"column":23},"end":{"line":231,"column":26}},"95":{"start":{"line":232,"column":6},"end":{"line":239,"column":null}},"96":{"start":{"line":233,"column":7},"end":{"line":236,"column":9}},"97":{"start":{"line":241,"column":48},"end":{"line":243,"column":17}},"98":{"start":{"line":245,"column":6},"end":{"line":251,"column":null}},"99":{"start":{"line":246,"column":7},"end":{"line":250,"column":10}},"100":{"start":{"line":254,"column":11},"end":{"line":258,"column":13}},"101":{"start":{"line":260,"column":5},"end":{"line":260,"column":43}},"102":{"start":{"line":262,"column":5},"end":{"line":262,"column":11}},"103":{"start":{"line":265,"column":5},"end":{"line":265,"column":11}},"104":{"start":{"line":267,"column":5},"end":{"line":267,"column":41}},"105":{"start":{"line":268,"column":5},"end":{"line":268,"column":11}},"106":{"start":{"line":273,"column":1},"end":{"line":277,"column":4}},"107":{"start":{"line":279,"column":1},"end":{"line":284,"column":null}},"108":{"start":{"line":280,"column":2},"end":{"line":283,"column":4}},"109":{"start":{"line":286,"column":22},"end":{"line":286,"column":62}},"110":{"start":{"line":288,"column":1},"end":{"line":292,"column":4}},"111":{"start":{"line":289,"column":2},"end":{"line":291,"column":4}},"112":{"start":{"line":294,"column":1},"end":{"line":294,"column":15}},"113":{"start":{"line":297,"column":13},"end":{"line":305,"column":2}},"114":{"start":{"line":298,"column":13},"end":{"line":298,"column":15}},"115":{"start":{"line":299,"column":1},"end":{"line":303,"column":4}},"116":{"start":{"line":300,"column":2},"end":{"line":302,"column":null}},"117":{"start":{"line":301,"column":3},"end":{"line":301,"column":30}},"118":{"start":{"line":304,"column":1},"end":{"line":304,"column":14}},"119":{"start":{"line":307,"column":13},"end":{"line":313,"column":2}},"120":{"start":{"line":311,"column":15},"end":{"line":311,"column":47}},"121":{"start":{"line":311,"column":35},"end":{"line":311,"column":47}},"122":{"start":{"line":312,"column":1},"end":{"line":312,"column":14}},"123":{"start":{"line":315,"column":0},"end":{"line":315,"column":null}},"124":{"start":{"line":316,"column":1},"end":{"line":316,"column":null}},"125":{"start":{"line":317,"column":1},"end":{"line":317,"column":null}},"126":{"start":{"line":318,"column":1},"end":{"line":318,"column":null}},"127":{"start":{"line":319,"column":1},"end":{"line":319,"column":null}},"128":{"start":{"line":322,"column":18},"end":{"line":322,"column":38}},"129":{"start":{"line":327,"column":30},"end":{"line":327,"column":39}},"130":{"start":{"line":323,"column":13},"end":{"line":323,"column":28}},"131":{"start":{"line":327,"column":9},"end":{"line":327,"column":13}},"132":{"start":{"line":324,"column":13},"end":{"line":324,"column":28}},"133":{"start":{"line":327,"column":15},"end":{"line":327,"column":19}},"134":{"start":{"line":325,"column":16},"end":{"line":325,"column":34}},"135":{"start":{"line":327,"column":21},"end":{"line":327,"column":28}},"136":{"start":{"line":331,"column":13},"end":{"line":368,"column":2}},"137":{"start":{"line":332,"column":1},"end":{"line":367,"column":4}},"138":{"start":{"line":333,"column":17},"end":{"line":333,"column":23}},"139":{"start":{"line":336,"column":20},"end":{"line":340,"column":3}},"140":{"start":{"line":337,"column":3},"end":{"line":337,"column":34}},"141":{"start":{"line":339,"column":3},"end":{"line":339,"column":17}},"142":{"start":{"line":342,"column":23},"end":{"line":352,"column":4}},"143":{"start":{"line":343,"column":7},"end":{"line":343,"column":9}},"144":{"start":{"line":344,"column":4},"end":{"line":344,"column":28}},"145":{"start":{"line":347,"column":3},"end":{"line":347,"column":42}},"146":{"start":{"line":349,"column":3},"end":{"line":349,"column":33}},"147":{"start":{"line":351,"column":3},"end":{"line":351,"column":25}},"148":{"start":{"line":354,"column":2},"end":{"line":356,"column":null}},"149":{"start":{"line":355,"column":3},"end":{"line":355,"column":25}},"150":{"start":{"line":358,"column":2},"end":{"line":360,"column":null}},"151":{"start":{"line":359,"column":3},"end":{"line":359,"column":22}},"152":{"start":{"line":362,"column":2},"end":{"line":362,"column":45}},"153":{"start":{"line":362,"column":26},"end":{"line":362,"column":45}},"154":{"start":{"line":364,"column":2},"end":{"line":364,"column":30}},"155":{"start":{"line":365,"column":2},"end":{"line":365,"column":25}},"156":{"start":{"line":366,"column":2},"end":{"line":366,"column":30}},"157":{"start":{"line":370,"column":20},"end":{"line":372,"column":1}},"158":{"start":{"line":371,"column":1},"end":{"line":371,"column":77}},"159":{"start":{"line":373,"column":13},"end":{"line":373,"column":30}},"160":{"start":{"line":373,"column":19},"end":{"line":373,"column":54}},"161":{"start":{"line":375,"column":14},"end":{"line":375,"column":36}},"162":{"start":{"line":377,"column":1},"end":{"line":379,"column":3}},"163":{"start":{"line":378,"column":2},"end":{"line":378,"column":20}},"164":{"start":{"line":374,"column":0},"end":{"line":374,"column":16}},"165":{"start":{"line":395,"column":1},"end":{"line":403,"column":null}},"166":{"start":{"line":400,"column":2},"end":{"line":400,"column":31}},"167":{"start":{"line":402,"column":2},"end":{"line":402,"column":20}},"168":{"start":{"line":394,"column":0},"end":{"line":394,"column":16}}},"fnMap":{"0":{"name":"(anonymous_15)","decl":{"start":{"line":21,"column":31},"end":{"line":21,"column":32}},"loc":{"start":{"line":21,"column":72},"end":{"line":25,"column":1}}},"1":{"name":"(anonymous_16)","decl":{"start":{"line":27,"column":33},"end":{"line":27,"column":null}},"loc":{"start":{"line":30,"column":64},"end":{"line":71,"column":1}}},"2":{"name":"(anonymous_17)","decl":{"start":{"line":54,"column":56},"end":{"line":54,"column":72}},"loc":{"start":{"line":54,"column":72},"end":{"line":68,"column":2}}},"3":{"name":"(anonymous_18)","decl":{"start":{"line":73,"column":31},"end":{"line":73,"column":null}},"loc":{"start":{"line":76,"column":20},"end":{"line":108,"column":1}}},"4":{"name":"(anonymous_19)","decl":{"start":{"line":110,"column":34},"end":{"line":110,"column":null}},"loc":{"start":{"line":111,"column":9},"end":{"line":116,"column":1}}},"5":{"name":"(anonymous_20)","decl":{"start":{"line":118,"column":33},"end":{"line":118,"column":null}},"loc":{"start":{"line":119,"column":27},"end":{"line":170,"column":1}}},"6":{"name":"(anonymous_21)","decl":{"start":{"line":123,"column":39},"end":{"line":123,"column":40}},"loc":{"start":{"line":123,"column":52},"end":{"line":167,"column":2}}},"7":{"name":"(anonymous_22)","decl":{"start":{"line":127,"column":36},"end":{"line":127,"column":37}},"loc":{"start":{"line":127,"column":49},"end":{"line":148,"column":3}}},"8":{"name":"(anonymous_23)","decl":{"start":{"line":152,"column":28},"end":{"line":152,"column":37}},"loc":{"start":{"line":152,"column":37},"end":{"line":165,"column":4}}},"9":{"name":"(anonymous_24)","decl":{"start":{"line":156,"column":21},"end":{"line":156,"column":26}},"loc":{"start":{"line":156,"column":26},"end":{"line":162,"column":7}}},"10":{"name":"(anonymous_25)","decl":{"start":{"line":174,"column":29},"end":{"line":174,"column":null}},"loc":{"start":{"line":182,"column":37},"end":{"line":295,"column":1}}},"11":{"name":"(anonymous_26)","decl":{"start":{"line":197,"column":55},"end":{"line":197,"column":68}},"loc":{"start":{"line":197,"column":68},"end":{"line":271,"column":2}}},"12":{"name":"(anonymous_27)","decl":{"start":{"line":198,"column":33},"end":{"line":198,"column":34}},"loc":{"start":{"line":198,"column":53},"end":{"line":270,"column":3}}},"13":{"name":"(anonymous_28)","decl":{"start":{"line":288,"column":13},"end":{"line":288,"column":14}},"loc":{"start":{"line":288,"column":18},"end":{"line":292,"column":2}}},"14":{"name":"(anonymous_29)","decl":{"start":{"line":297,"column":24},"end":{"line":297,"column":25}},"loc":{"start":{"line":297,"column":57},"end":{"line":305,"column":1}}},"15":{"name":"(anonymous_30)","decl":{"start":{"line":299,"column":10},"end":{"line":299,"column":11}},"loc":{"start":{"line":299,"column":32},"end":{"line":303,"column":2}}},"16":{"name":"(anonymous_31)","decl":{"start":{"line":307,"column":39},"end":{"line":307,"column":null}},"loc":{"start":{"line":309,"column":12},"end":{"line":313,"column":1}}},"17":{"name":"(anonymous_32)","decl":{"start":{"line":311,"column":28},"end":{"line":311,"column":31}},"loc":{"start":{"line":311,"column":31},"end":{"line":311,"column":38}}},"18":{"name":"(anonymous_33)","decl":{"start":{"line":315,"column":0},"end":{"line":315,"column":12}},"loc":{"start":{"line":315,"column":22},"end":{"line":320,"column":1}}},"19":{"name":"(anonymous_34)","decl":{"start":{"line":331,"column":29},"end":{"line":331,"column":null}},"loc":{"start":{"line":331,"column":29},"end":{"line":368,"column":1}}},"20":{"name":"(anonymous_35)","decl":{"start":{"line":332,"column":20},"end":{"line":332,"column":27}},"loc":{"start":{"line":332,"column":27},"end":{"line":367,"column":2}}},"21":{"name":"(anonymous_36)","decl":{"start":{"line":336,"column":20},"end":{"line":336,"column":null}},"loc":{"start":{"line":336,"column":20},"end":{"line":340,"column":3}}},"22":{"name":"(anonymous_37)","decl":{"start":{"line":342,"column":23},"end":{"line":342,"column":null}},"loc":{"start":{"line":342,"column":23},"end":{"line":352,"column":4}}},"23":{"name":"(anonymous_40)","decl":{"start":{"line":370,"column":20},"end":{"line":370,"column":29}},"loc":{"start":{"line":370,"column":43},"end":{"line":372,"column":1}}},"24":{"name":"(anonymous_41)","decl":{"start":{"line":373,"column":13},"end":{"line":373,"column":19}},"loc":{"start":{"line":373,"column":13},"end":{"line":373,"column":30}}},"25":{"name":"monotonicUlidFactory","decl":{"start":{"line":374,"column":16},"end":{"line":374,"column":36}},"loc":{"start":{"line":374,"column":50},"end":{"line":380,"column":1}}},"26":{"name":"(anonymous_43)","decl":{"start":{"line":377,"column":8},"end":{"line":377,"column":null}},"loc":{"start":{"line":377,"column":8},"end":{"line":379,"column":2}}},"27":{"name":"getNow","decl":{"start":{"line":394,"column":16},"end":{"line":394,"column":22}},"loc":{"start":{"line":394,"column":22},"end":{"line":404,"column":1}}}},"branchMap":{"0":{"loc":{"start":{"line":21,"column":44},"end":{"line":21,"column":null}},"type":"if","locations":[{"start":{"line":21,"column":44},"end":{"line":21,"column":null}},{"start":{"line":21,"column":44},"end":{"line":21,"column":null}}]},"1":{"loc":{"start":{"line":22,"column":1},"end":{"line":24,"column":null}},"type":"if","locations":[{"start":{"line":22,"column":1},"end":{"line":24,"column":null}},{"start":{"line":22,"column":1},"end":{"line":24,"column":null}}]},"2":{"loc":{"start":{"line":35,"column":1},"end":{"line":37,"column":null}},"type":"if","locations":[{"start":{"line":35,"column":1},"end":{"line":37,"column":null}},{"start":{"line":35,"column":1},"end":{"line":37,"column":null}}]},"3":{"loc":{"start":{"line":40,"column":2},"end":{"line":43,"column":9}},"type":"switch","locations":[{"start":{"line":40,"column":2},"end":{"line":43,"column":9}},{"start":{"line":44,"column":2},"end":{"line":46,"column":9}},{"start":{"line":47,"column":2},"end":{"line":49,"column":9}},{"start":{"line":50,"column":2},"end":{"line":51,"column":30}}]},"4":{"loc":{"start":{"line":55,"column":2},"end":{"line":60,"column":null}},"type":"if","locations":[{"start":{"line":55,"column":2},"end":{"line":60,"column":null}},{"start":{"line":55,"column":2},"end":{"line":60,"column":null}}]},"5":{"loc":{"start":{"line":62,"column":2},"end":{"line":65,"column":null}},"type":"if","locations":[{"start":{"line":62,"column":2},"end":{"line":65,"column":null}},{"start":{"line":62,"column":2},"end":{"line":65,"column":null}}]},"6":{"loc":{"start":{"line":70,"column":21},"end":{"line":70,"column":28}},"type":"cond-expr","locations":[{"start":{"line":70,"column":21},"end":{"line":70,"column":28}},{"start":{"line":70,"column":31},"end":{"line":70,"column":37}}]},"7":{"loc":{"start":{"line":79,"column":2},"end":{"line":80,"column":28}},"type":"switch","locations":[{"start":{"line":79,"column":2},"end":{"line":80,"column":28}},{"start":{"line":81,"column":2},"end":{"line":82,"column":28}},{"start":{"line":83,"column":2},"end":{"line":84,"column":27}},{"start":{"line":85,"column":2},"end":{"line":86,"column":26}},{"start":{"line":87,"column":2},"end":{"line":88,"column":27}},{"start":{"line":89,"column":2},"end":{"line":90,"column":26}},{"start":{"line":91,"column":2},"end":{"line":93,"column":39}},{"start":{"line":94,"column":2},"end":{"line":95,"column":76}},{"start":{"line":96,"column":2},"end":{"line":99,"column":5}},{"start":{"line":100,"column":2},"end":{"line":103,"column":5}},{"start":{"line":104,"column":2},"end":{"line":106,"column":16}}]},"8":{"loc":{"start":{"line":93,"column":10},"end":{"line":93,"column":22}},"type":"binary-expr","locations":[{"start":{"line":93,"column":10},"end":{"line":93,"column":22}},{"start":{"line":93,"column":26},"end":{"line":93,"column":38}}]},"9":{"loc":{"start":{"line":114,"column":2},"end":{"line":114,"column":5}},"type":"binary-expr","locations":[{"start":{"line":114,"column":2},"end":{"line":114,"column":5}},{"start":{"line":114,"column":9},"end":{"line":114,"column":74}}]},"10":{"loc":{"start":{"line":129,"column":3},"end":{"line":147,"column":null}},"type":"if","locations":[{"start":{"line":129,"column":3},"end":{"line":147,"column":null}},{"start":{"line":129,"column":3},"end":{"line":147,"column":null}}]},"11":{"loc":{"start":{"line":130,"column":4},"end":{"line":130,"column":43}},"type":"binary-expr","locations":[{"start":{"line":130,"column":4},"end":{"line":130,"column":43}},{"start":{"line":131,"column":4},"end":{"line":131,"column":34}}]},"12":{"loc":{"start":{"line":142,"column":4},"end":{"line":146,"column":null}},"type":"if","locations":[{"start":{"line":142,"column":4},"end":{"line":146,"column":null}},{"start":{"line":142,"column":4},"end":{"line":146,"column":null}}]},"13":{"loc":{"start":{"line":151,"column":2},"end":{"line":166,"column":null}},"type":"if","locations":[{"start":{"line":151,"column":2},"end":{"line":166,"column":null}},{"start":{"line":151,"column":2},"end":{"line":166,"column":null}}]},"14":{"loc":{"start":{"line":153,"column":4},"end":{"line":164,"column":null}},"type":"if","locations":[{"start":{"line":153,"column":4},"end":{"line":164,"column":null}},{"start":{"line":153,"column":4},"end":{"line":164,"column":null}}]},"15":{"loc":{"start":{"line":155,"column":5},"end":{"line":163,"column":null}},"type":"if","locations":[{"start":{"line":155,"column":5},"end":{"line":163,"column":null}},{"start":{"line":155,"column":5},"end":{"line":163,"column":null}}]},"16":{"loc":{"start":{"line":159,"column":7},"end":{"line":161,"column":null}},"type":"if","locations":[{"start":{"line":159,"column":7},"end":{"line":161,"column":null}},{"start":{"line":159,"column":7},"end":{"line":161,"column":null}}]},"17":{"loc":{"start":{"line":205,"column":4},"end":{"line":228,"column":11}},"type":"switch","locations":[{"start":{"line":205,"column":4},"end":{"line":228,"column":11}},{"start":{"line":229,"column":4},"end":{"line":262,"column":11}},{"start":{"line":263,"column":4},"end":{"line":265,"column":11}},{"start":{"line":266,"column":4},"end":{"line":268,"column":11}}]},"18":{"loc":{"start":{"line":206,"column":5},"end":{"line":226,"column":null}},"type":"if","locations":[{"start":{"line":206,"column":5},"end":{"line":226,"column":null}},{"start":{"line":206,"column":5},"end":{"line":226,"column":null}}]},"19":{"loc":{"start":{"line":230,"column":5},"end":{"line":252,"column":null}},"type":"if","locations":[{"start":{"line":230,"column":5},"end":{"line":252,"column":null}},{"start":{"line":230,"column":5},"end":{"line":252,"column":null}}]},"20":{"loc":{"start":{"line":245,"column":6},"end":{"line":251,"column":null}},"type":"if","locations":[{"start":{"line":245,"column":6},"end":{"line":251,"column":null}},{"start":{"line":245,"column":6},"end":{"line":251,"column":null}}]},"21":{"loc":{"start":{"line":257,"column":26},"end":{"line":257,"column":60}},"type":"cond-expr","locations":[{"start":{"line":257,"column":26},"end":{"line":257,"column":60}},{"start":{"line":258,"column":8},"end":{"line":258,"column":12}}]},"22":{"loc":{"start":{"line":279,"column":1},"end":{"line":284,"column":null}},"type":"if","locations":[{"start":{"line":279,"column":1},"end":{"line":284,"column":null}},{"start":{"line":279,"column":1},"end":{"line":284,"column":null}}]},"23":{"loc":{"start":{"line":300,"column":2},"end":{"line":302,"column":null}},"type":"if","locations":[{"start":{"line":300,"column":2},"end":{"line":302,"column":null}},{"start":{"line":300,"column":2},"end":{"line":302,"column":null}}]},"24":{"loc":{"start":{"line":315,"column":12},"end":{"line":315,"column":22}},"type":"binary-expr","locations":[{"start":{"line":315,"column":12},"end":{"line":315,"column":22}},{"start":{"line":315,"column":12},"end":{"line":315,"column":null}}]},"25":{"loc":{"start":{"line":347,"column":3},"end":{"line":347,"column":42}},"type":"switch","locations":[{"start":{"line":347,"column":3},"end":{"line":347,"column":42}}]},"26":{"loc":{"start":{"line":343,"column":7},"end":{"line":343,"column":9}},"type":"if","locations":[{"start":{"line":343,"column":7},"end":{"line":343,"column":9}},{"start":{"line":343,"column":7},"end":{"line":343,"column":9}}]},"27":{"loc":{"start":{"line":343,"column":7},"end":{"line":343,"column":9}},"type":"binary-expr","locations":[{"start":{"line":343,"column":7},"end":{"line":343,"column":9}},{"start":{"line":343,"column":13},"end":{"line":343,"column":22}},{"start":{"line":343,"column":26},"end":{"line":343,"column":63}}]},"28":{"loc":{"start":{"line":354,"column":2},"end":{"line":356,"column":null}},"type":"if","locations":[{"start":{"line":354,"column":2},"end":{"line":356,"column":null}},{"start":{"line":354,"column":2},"end":{"line":356,"column":null}}]},"29":{"loc":{"start":{"line":358,"column":2},"end":{"line":360,"column":null}},"type":"if","locations":[{"start":{"line":358,"column":2},"end":{"line":360,"column":null}},{"start":{"line":358,"column":2},"end":{"line":360,"column":null}}]},"30":{"loc":{"start":{"line":362,"column":2},"end":{"line":362,"column":45}},"type":"if","locations":[{"start":{"line":362,"column":2},"end":{"line":362,"column":45}},{"start":{"line":362,"column":2},"end":{"line":362,"column":45}}]},"31":{"loc":{"start":{"line":395,"column":1},"end":{"line":403,"column":null}},"type":"if","locations":[{"start":{"line":395,"column":1},"end":{"line":403,"column":null}},{"start":{"line":395,"column":1},"end":{"line":403,"column":null}}]},"32":{"loc":{"start":{"line":396,"column":2},"end":{"line":396,"column":36}},"type":"binary-expr","locations":[{"start":{"line":396,"column":2},"end":{"line":396,"column":36}},{"start":{"line":397,"column":2},"end":{"line":397,"column":13}},{"start":{"line":398,"column":2},"end":{"line":398,"column":39}}]}},"s":{"0":2,"1":2,"2":2,"3":2,"4":2,"5":2,"6":0,"7":0,"8":0,"9":2,"10":0,"11":0,"12":0,"13":0,"14":0,"15":0,"16":0,"17":0,"18":0,"19":0,"20":0,"21":0,"22":0,"23":0,"24":0,"25":0,"26":0,"27":0,"28":0,"29":0,"30":0,"31":0,"32":0,"33":0,"34":0,"35":2,"36":0,"37":0,"38":0,"39":0,"40":0,"41":0,"42":0,"43":0,"44":0,"45":0,"46":0,"47":0,"48":0,"49":0,"50":0,"51":0,"52":2,"53":0,"54":2,"55":0,"56":0,"57":0,"58":0,"59":0,"60":0,"61":0,"62":0,"63":0,"64":0,"65":0,"66":0,"67":0,"68":0,"69":0,"70":0,"71":0,"72":0,"73":0,"74":0,"75":0,"76":2,"77":2,"78":0,"79":0,"80":0,"81":0,"82":0,"83":0,"84":0,"85":0,"86":0,"87":0,"88":0,"89":0,"90":0,"91":0,"92":0,"93":0,"94":0,"95":0,"96":0,"97":0,"98":0,"99":0,"100":0,"101":0,"102":0,"103":0,"104":0,"105":0,"106":0,"107":0,"108":0,"109":0,"110":0,"111":0,"112":0,"113":2,"114":0,"115":0,"116":0,"117":0,"118":0,"119":2,"120":0,"121":0,"122":0,"123":2,"124":2,"125":2,"126":2,"127":2,"128":2,"129":2,"130":2,"131":2,"132":2,"133":2,"134":2,"135":2,"136":2,"137":0,"138":0,"139":0,"140":0,"141":0,"142":0,"143":0,"144":0,"145":0,"146":0,"147":0,"148":0,"149":0,"150":0,"151":0,"152":0,"153":0,"154":0,"155":0,"156":0,"157":2,"158":0,"159":2,"160":0,"161":0,"162":0,"163":0,"164":2,"165":0,"166":0,"167":0,"168":2},"f":{"0":0,"1":0,"2":0,"3":0,"4":0,"5":0,"6":0,"7":0,"8":0,"9":0,"10":0,"11":0,"12":0,"13":0,"14":0,"15":0,"16":0,"17":0,"18":2,"19":0,"20":0,"21":0,"22":0,"23":0,"24":0,"25":0,"26":0,"27":0},"b":{"0":[0,0],"1":[0,0],"2":[0,0],"3":[0,0,0,0],"4":[0,0],"5":[0,0],"6":[0,0],"7":[0,0,0,0,0,0,0,0,0,0,0],"8":[0,0],"9":[0,0],"10":[0,0],"11":[0,0],"12":[0,0],"13":[0,0],"14":[0,0],"15":[0,0],"16":[0,0],"17":[0,0,0,0],"18":[0,0],"19":[0,0],"20":[0,0],"21":[0,0],"22":[0,0],"23":[0,0],"24":[2,2],"25":[0],"26":[0,0],"27":[0,0,0],"28":[0,0],"29":[0,0],"30":[0,0],"31":[0,0],"32":[0,0,0]}}
,"/Users/yannheeser/Dev/bandao/amplify-js/packages/datastore/src/datastore/datastore.ts": {"path":"/Users/yannheeser/Dev/bandao/amplify-js/packages/datastore/src/datastore/datastore.ts","statementMap":{"0":{"start":{"line":1,"column":0},"end":{"line":1,"column":74}},"1":{"start":{"line":2,"column":0},"end":{"line":2,"column":65}},"2":{"start":{"line":3,"column":0},"end":{"line":3,"column":35}},"3":{"start":{"line":4,"column":0},"end":{"line":4,"column":62}},"4":{"start":{"line":5,"column":0},"end":{"line":5,"column":null}},"5":{"start":{"line":10,"column":0},"end":{"line":10,"column":65}},"6":{"start":{"line":11,"column":0},"end":{"line":11,"column":53}},"7":{"start":{"line":12,"column":0},"end":{"line":12,"column":null}},"8":{"start":{"line":39,"column":0},"end":{"line":39,"column":null}},"9":{"start":{"line":51,"column":0},"end":{"line":51,"column":20}},"10":{"start":{"line":53,"column":15},"end":{"line":53,"column":38}},"11":{"start":{"line":55,"column":13},"end":{"line":55,"column":45}},"12":{"start":{"line":68,"column":31},"end":{"line":68,"column":46}},"13":{"start":{"line":72,"column":26},"end":{"line":72,"column":null}},"14":{"start":{"line":77,"column":27},"end":{"line":83,"column":1}},"15":{"start":{"line":80,"column":19},"end":{"line":80,"column":58}},"16":{"start":{"line":82,"column":1},"end":{"line":82,"column":67}},"17":{"start":{"line":85,"column":32},"end":{"line":89,"column":1}},"18":{"start":{"line":88,"column":1},"end":{"line":88,"column":62}},"19":{"start":{"line":91,"column":45},"end":{"line":92,"column":18}},"20":{"start":{"line":92,"column":1},"end":{"line":92,"column":41}},"21":{"start":{"line":102,"column":19},"end":{"line":189,"column":1}},"22":{"start":{"line":103,"column":1},"end":{"line":105,"column":null}},"23":{"start":{"line":104,"column":2},"end":{"line":104,"column":61}},"24":{"start":{"line":107,"column":1},"end":{"line":107,"column":57}},"25":{"start":{"line":109,"column":28},"end":{"line":111,"column":null}},"26":{"start":{"line":114,"column":1},"end":{"line":114,"column":40}},"27":{"start":{"line":115,"column":1},"end":{"line":115,"column":56}},"28":{"start":{"line":116,"column":1},"end":{"line":116,"column":47}},"29":{"start":{"line":118,"column":28},"end":{"line":118,"column":42}},"30":{"start":{"line":119,"column":26},"end":{"line":119,"column":48}},"31":{"start":{"line":120,"column":23},"end":{"line":120,"column":48}},"32":{"start":{"line":122,"column":1},"end":{"line":122,"column":58}},"33":{"start":{"line":123,"column":1},"end":{"line":123,"column":54}},"34":{"start":{"line":124,"column":1},"end":{"line":124,"column":48}},"35":{"start":{"line":126,"column":1},"end":{"line":134,"column":3}},"36":{"start":{"line":136,"column":1},"end":{"line":186,"column":4}},"37":{"start":{"line":137,"column":2},"end":{"line":139,"column":4}},"38":{"start":{"line":141,"column":28},"end":{"line":141,"column":55}},"39":{"start":{"line":143,"column":2},"end":{"line":158,"column":5}},"40":{"start":{"line":144,"column":37},"end":{"line":144,"column":39}},"41":{"start":{"line":146,"column":3},"end":{"line":155,"column":6}},"42":{"start":{"line":149,"column":6},"end":{"line":151,"column":null}},"43":{"start":{"line":154,"column":5},"end":{"line":154,"column":null}},"44":{"start":{"line":157,"column":3},"end":{"line":157,"column":54}},"45":{"start":{"line":160,"column":17},"end":{"line":160,"column":44}},"46":{"start":{"line":162,"column":14},"end":{"line":162,"column":18}},"47":{"start":{"line":163,"column":2},"end":{"line":183,"column":null}},"48":{"start":{"line":164,"column":3},"end":{"line":166,"column":null}},"49":{"start":{"line":165,"column":4},"end":{"line":165,"column":10}},"50":{"start":{"line":167,"column":3},"end":{"line":167,"column":11}},"51":{"start":{"line":168,"column":3},"end":{"line":172,"column":null}},"52":{"start":{"line":169,"column":4},"end":{"line":171,"column":6}},"53":{"start":{"line":174,"column":3},"end":{"line":180,"column":null}},"54":{"start":{"line":174,"column":27},"end":{"line":174,"column":65}},"55":{"start":{"line":174,"column":63},"end":{"line":174,"column":65}},"56":{"start":{"line":174,"column":23},"end":{"line":174,"column":27}},"57":{"start":{"line":175,"column":20},"end":{"line":175,"column":52}},"58":{"start":{"line":177,"column":4},"end":{"line":179,"column":null}},"59":{"start":{"line":177,"column":27},"end":{"line":177,"column":41}},"60":{"start":{"line":178,"column":5},"end":{"line":178,"column":36}},"61":{"start":{"line":182,"column":3},"end":{"line":182,"column":71}},"62":{"start":{"line":182,"column":42},"end":{"line":182,"column":70}},"63":{"start":{"line":185,"column":2},"end":{"line":185,"column":65}},"64":{"start":{"line":188,"column":1},"end":{"line":188,"column":20}},"65":{"start":{"line":993,"column":9},"end":{"line":993,"column":19}},"66":{"start":{"line":193,"column":26},"end":{"line":211,"column":1}},"67":{"start":{"line":194,"column":37},"end":{"line":194,"column":39}},"68":{"start":{"line":196,"column":1},"end":{"line":201,"column":4}},"69":{"start":{"line":196,"column":43},"end":{"line":196,"column":44}},"70":{"start":{"line":196,"column":44},"end":{"line":196,"column":53}},"71":{"start":{"line":196,"column":55},"end":{"line":196,"column":70}},"72":{"start":{"line":197,"column":16},"end":{"line":197,"column":49}},"73":{"start":{"line":198,"column":2},"end":{"line":198,"column":29}},"74":{"start":{"line":200,"column":2},"end":{"line":200,"column":47}},"75":{"start":{"line":203,"column":1},"end":{"line":208,"column":3}},"76":{"start":{"line":204,"column":3},"end":{"line":204,"column":4}},"77":{"start":{"line":204,"column":4},"end":{"line":204,"column":12}},"78":{"start":{"line":204,"column":14},"end":{"line":204,"column":28}},"79":{"start":{"line":205,"column":17},"end":{"line":205,"column":52}},"80":{"start":{"line":206,"column":3},"end":{"line":206,"column":29}},"81":{"start":{"line":210,"column":1},"end":{"line":210,"column":16}},"82":{"start":{"line":215,"column":26},"end":{"line":215,"column":null}},"83":{"start":{"line":222,"column":1},"end":{"line":222,"column":29}},"84":{"start":{"line":224,"column":1},"end":{"line":224,"column":38}},"85":{"start":{"line":227,"column":28},"end":{"line":227,"column":null}},"86":{"start":{"line":227,"column":79},"end":{"line":264,"column":2}},"87":{"start":{"line":231,"column":25},"end":{"line":231,"column":50}},"88":{"start":{"line":233,"column":1},"end":{"line":263,"column":null}},"89":{"start":{"line":234,"column":10},"end":{"line":234,"column":14}},"90":{"start":{"line":234,"column":16},"end":{"line":234,"column":26}},"91":{"start":{"line":234,"column":28},"end":{"line":234,"column":32}},"92":{"start":{"line":234,"column":34},"end":{"line":234,"column":41}},"93":{"start":{"line":236,"column":2},"end":{"line":238,"column":null}},"94":{"start":{"line":237,"column":3},"end":{"line":237,"column":48}},"95":{"start":{"line":240,"column":2},"end":{"line":262,"column":null}},"96":{"start":{"line":241,"column":18},"end":{"line":241,"column":51}},"97":{"start":{"line":243,"column":3},"end":{"line":261,"column":null}},"98":{"start":{"line":244,"column":4},"end":{"line":248,"column":null}},"99":{"start":{"line":245,"column":5},"end":{"line":247,"column":7}},"100":{"start":{"line":250,"column":4},"end":{"line":256,"column":null}},"101":{"start":{"line":250,"column":26},"end":{"line":250,"column":46}},"102":{"start":{"line":251,"column":28},"end":{"line":251,"column":59}},"103":{"start":{"line":251,"column":40},"end":{"line":251,"column":49}},"104":{"start":{"line":253,"column":5},"end":{"line":255,"column":7}},"105":{"start":{"line":257,"column":10},"end":{"line":261,"column":null}},"106":{"start":{"line":258,"column":4},"end":{"line":260,"column":6}},"107":{"start":{"line":266,"column":27},"end":{"line":276,"column":1}},"108":{"start":{"line":271,"column":24},"end":{"line":271,"column":60}},"109":{"start":{"line":272,"column":1},"end":{"line":275,"column":4}},"110":{"start":{"line":272,"column":31},"end":{"line":272,"column":32}},"111":{"start":{"line":272,"column":32},"end":{"line":272,"column":33}},"112":{"start":{"line":272,"column":35},"end":{"line":272,"column":36}},"113":{"start":{"line":273,"column":2},"end":{"line":273,"column":23}},"114":{"start":{"line":274,"column":8},"end":{"line":274,"column":22}},"115":{"start":{"line":278,"column":25},"end":{"line":344,"column":1}},"116":{"start":{"line":281,"column":47},"end":{"line":281,"column":null}},"117":{"start":{"line":283,"column":20},"end":{"line":315,"column":null}},"118":{"start":{"line":286,"column":5},"end":{"line":286,"column":54}},"119":{"start":{"line":288,"column":58},"end":{"line":292,"column":33}},"120":{"start":{"line":294,"column":6},"end":{"line":294,"column":13}},"121":{"start":{"line":295,"column":6},"end":{"line":295,"column":14}},"122":{"start":{"line":296,"column":6},"end":{"line":296,"column":20}},"123":{"start":{"line":297,"column":6},"end":{"line":297,"column":14}},"124":{"start":{"line":302,"column":6},"end":{"line":306,"column":16}},"125":{"start":{"line":308,"column":5},"end":{"line":308,"column":19}},"126":{"start":{"line":310,"column":5},"end":{"line":314,"column":null}},"127":{"start":{"line":311,"column":6},"end":{"line":311,"column":32}},"128":{"start":{"line":312,"column":6},"end":{"line":312,"column":44}},"129":{"start":{"line":313,"column":6},"end":{"line":313,"column":32}},"130":{"start":{"line":318,"column":3},"end":{"line":318,"column":19}},"131":{"start":{"line":321,"column":9},"end":{"line":336,"column":null}},"132":{"start":{"line":322,"column":28},"end":{"line":322,"column":75}},"133":{"start":{"line":323,"column":3},"end":{"line":327,"column":null}},"134":{"start":{"line":324,"column":16},"end":{"line":324,"column":56}},"135":{"start":{"line":325,"column":4},"end":{"line":325,"column":34}},"136":{"start":{"line":326,"column":4},"end":{"line":326,"column":25}},"137":{"start":{"line":328,"column":3},"end":{"line":335,"column":6}},"138":{"start":{"line":329,"column":4},"end":{"line":329,"column":31}},"139":{"start":{"line":330,"column":4},"end":{"line":330,"column":25}},"140":{"start":{"line":331,"column":27},"end":{"line":331,"column":63}},"141":{"start":{"line":332,"column":4},"end":{"line":334,"column":7}},"142":{"start":{"line":332,"column":35},"end":{"line":332,"column":36}},"143":{"start":{"line":332,"column":36},"end":{"line":332,"column":37}},"144":{"start":{"line":332,"column":39},"end":{"line":332,"column":40}},"145":{"start":{"line":333,"column":5},"end":{"line":333,"column":26}},"146":{"start":{"line":337,"column":1},"end":{"line":337,"column":3}},"147":{"start":{"line":339,"column":1},"end":{"line":339,"column":25}},"148":{"start":{"line":341,"column":1},"end":{"line":341,"column":71}},"149":{"start":{"line":343,"column":1},"end":{"line":343,"column":14}},"150":{"start":{"line":346,"column":28},"end":{"line":365,"column":1}},"151":{"start":{"line":347,"column":44},"end":{"line":347,"column":null}},"152":{"start":{"line":349,"column":20},"end":{"line":353,"column":null}},"153":{"start":{"line":352,"column":5},"end":{"line":352,"column":53}},"154":{"start":{"line":356,"column":3},"end":{"line":356,"column":19}},"155":{"start":{"line":358,"column":1},"end":{"line":358,"column":3}},"156":{"start":{"line":360,"column":1},"end":{"line":360,"column":25}},"157":{"start":{"line":362,"column":1},"end":{"line":362,"column":70}},"158":{"start":{"line":364,"column":1},"end":{"line":364,"column":14}},"159":{"start":{"line":367,"column":13},"end":{"line":401,"column":2}},"160":{"start":{"line":369,"column":38},"end":{"line":401,"column":2}},"161":{"start":{"line":371,"column":1},"end":{"line":371,"column":15}},"162":{"start":{"line":373,"column":7},"end":{"line":375,"column":14}},"163":{"start":{"line":377,"column":1},"end":{"line":382,"column":null}},"164":{"start":{"line":378,"column":8},"end":{"line":378,"column":59}},"165":{"start":{"line":379,"column":2},"end":{"line":379,"column":31}},"166":{"start":{"line":381,"column":2},"end":{"line":381,"column":23}},"167":{"start":{"line":384,"column":7},"end":{"line":384,"column":62}},"168":{"start":{"line":386,"column":7},"end":{"line":389,"column":3}},"169":{"start":{"line":391,"column":22},"end":{"line":398,"column":null}},"170":{"start":{"line":391,"column":56},"end":{"line":398,"column":3}},"171":{"start":{"line":392,"column":2},"end":{"line":392,"column":41}},"172":{"start":{"line":394,"column":2},"end":{"line":397,"column":4}},"173":{"start":{"line":391,"column":7},"end":{"line":391,"column":22}},"174":{"start":{"line":400,"column":1},"end":{"line":400,"column":19}},"175":{"start":{"line":416,"column":4},"end":{"line":505,"column":3}},"176":{"start":{"line":418,"column":72},"end":{"line":505,"column":3}},"177":{"start":{"line":420,"column":2},"end":{"line":420,"column":16}},"178":{"start":{"line":424,"column":2},"end":{"line":429,"column":null}},"179":{"start":{"line":425,"column":9},"end":{"line":425,"column":53}},"180":{"start":{"line":426,"column":3},"end":{"line":426,"column":45}},"181":{"start":{"line":428,"column":3},"end":{"line":428,"column":24}},"182":{"start":{"line":431,"column":6},"end":{"line":431,"column":29}},"183":{"start":{"line":432,"column":9},"end":{"line":432,"column":47}},"184":{"start":{"line":434,"column":3},"end":{"line":440,"column":null}},"185":{"start":{"line":435,"column":10},"end":{"line":436,"column":89}},"186":{"start":{"line":437,"column":4},"end":{"line":437,"column":40}},"187":{"start":{"line":439,"column":4},"end":{"line":439,"column":25}},"188":{"start":{"line":442,"column":3},"end":{"line":464,"column":null}},"189":{"start":{"line":443,"column":4},"end":{"line":446,"column":6}},"190":{"start":{"line":448,"column":4},"end":{"line":455,"column":6}},"191":{"start":{"line":457,"column":4},"end":{"line":463,"column":null}},"192":{"start":{"line":458,"column":11},"end":{"line":459,"column":74}},"193":{"start":{"line":460,"column":5},"end":{"line":460,"column":38}},"194":{"start":{"line":462,"column":5},"end":{"line":462,"column":26}},"195":{"start":{"line":466,"column":21},"end":{"line":466,"column":null}},"196":{"start":{"line":466,"column":9},"end":{"line":466,"column":21}},"197":{"start":{"line":468,"column":3},"end":{"line":468,"column":18}},"198":{"start":{"line":470,"column":9},"end":{"line":470,"column":36}},"199":{"start":{"line":471,"column":9},"end":{"line":472,"column":50}},"200":{"start":{"line":474,"column":3},"end":{"line":479,"column":null}},"201":{"start":{"line":475,"column":10},"end":{"line":475,"column":61}},"202":{"start":{"line":476,"column":4},"end":{"line":476,"column":33}},"203":{"start":{"line":478,"column":4},"end":{"line":478,"column":25}},"204":{"start":{"line":481,"column":9},"end":{"line":481,"column":64}},"205":{"start":{"line":483,"column":9},"end":{"line":486,"column":5}},"206":{"start":{"line":488,"column":3},"end":{"line":499,"column":null}},"207":{"start":{"line":489,"column":4},"end":{"line":494,"column":null}},"208":{"start":{"line":490,"column":11},"end":{"line":490,"column":36}},"209":{"start":{"line":491,"column":5},"end":{"line":491,"column":41}},"210":{"start":{"line":493,"column":5},"end":{"line":493,"column":26}},"211":{"start":{"line":496,"column":4},"end":{"line":496,"column":42}},"212":{"start":{"line":498,"column":4},"end":{"line":498,"column":28}},"213":{"start":{"line":501,"column":23},"end":{"line":501,"column":null}},"214":{"start":{"line":501,"column":9},"end":{"line":501,"column":19}},"215":{"start":{"line":503,"column":3},"end":{"line":503,"column":18}},"216":{"start":{"line":515,"column":4},"end":{"line":594,"column":2}},"217":{"start":{"line":522,"column":3},"end":{"line":524,"column":15}},"218":{"start":{"line":526,"column":2},"end":{"line":547,"column":null}},"219":{"start":{"line":527,"column":20},"end":{"line":527,"column":38}},"220":{"start":{"line":529,"column":4},"end":{"line":529,"column":63}},"221":{"start":{"line":531,"column":3},"end":{"line":546,"column":null}},"222":{"start":{"line":532,"column":4},"end":{"line":537,"column":null}},"223":{"start":{"line":533,"column":5},"end":{"line":536,"column":8}},"224":{"start":{"line":539,"column":4},"end":{"line":539,"column":47}},"225":{"start":{"line":542,"column":5},"end":{"line":542,"column":67}},"226":{"start":{"line":543,"column":4},"end":{"line":543,"column":33}},"227":{"start":{"line":545,"column":4},"end":{"line":545,"column":25}},"228":{"start":{"line":549,"column":2},"end":{"line":553,"column":null}},"229":{"start":{"line":550,"column":15},"end":{"line":550,"column":67}},"230":{"start":{"line":551,"column":3},"end":{"line":551,"column":35}},"231":{"start":{"line":552,"column":3},"end":{"line":552,"column":24}},"232":{"start":{"line":555,"column":2},"end":{"line":560,"column":null}},"233":{"start":{"line":556,"column":15},"end":{"line":556,"column":53}},"234":{"start":{"line":557,"column":3},"end":{"line":557,"column":43}},"235":{"start":{"line":559,"column":3},"end":{"line":559,"column":24}},"236":{"start":{"line":562,"column":2},"end":{"line":574,"column":null}},"237":{"start":{"line":563,"column":3},"end":{"line":566,"column":5}},"238":{"start":{"line":568,"column":3},"end":{"line":573,"column":6}},"239":{"start":{"line":576,"column":2},"end":{"line":593,"column":5}},"240":{"start":{"line":579,"column":3},"end":{"line":586,"column":8}},"241":{"start":{"line":579,"column":4},"end":{"line":586,"column":5}},"242":{"start":{"line":580,"column":4},"end":{"line":580,"column":18}},"243":{"start":{"line":582,"column":4},"end":{"line":585,"column":26}},"244":{"start":{"line":584,"column":16},"end":{"line":584,"column":21}},"245":{"start":{"line":584,"column":28},"end":{"line":584,"column":62}},"246":{"start":{"line":588,"column":3},"end":{"line":592,"column":5}},"247":{"start":{"line":589,"column":4},"end":{"line":591,"column":null}},"248":{"start":{"line":590,"column":5},"end":{"line":590,"column":26}},"249":{"start":{"line":597,"column":1},"end":{"line":597,"column":32}},"250":{"start":{"line":610,"column":4},"end":{"line":689,"column":3}},"251":{"start":{"line":613,"column":29},"end":{"line":689,"column":3}},"252":{"start":{"line":615,"column":2},"end":{"line":615,"column":16}},"253":{"start":{"line":619,"column":2},"end":{"line":624,"column":null}},"254":{"start":{"line":620,"column":9},"end":{"line":620,"column":54}},"255":{"start":{"line":621,"column":3},"end":{"line":621,"column":43}},"256":{"start":{"line":623,"column":3},"end":{"line":623,"column":24}},"257":{"start":{"line":626,"column":2},"end":{"line":630,"column":null}},"258":{"start":{"line":627,"column":3},"end":{"line":629,"column":null}},"259":{"start":{"line":628,"column":4},"end":{"line":628,"column":61}},"260":{"start":{"line":632,"column":8},"end":{"line":632,"column":63}},"261":{"start":{"line":635,"column":2},"end":{"line":650,"column":null}},"262":{"start":{"line":636,"column":3},"end":{"line":639,"column":5}},"263":{"start":{"line":641,"column":3},"end":{"line":649,"column":null}},"264":{"start":{"line":643,"column":4},"end":{"line":643,"column":26}},"265":{"start":{"line":645,"column":4},"end":{"line":648,"column":6}},"266":{"start":{"line":652,"column":8},"end":{"line":652,"column":26}},"267":{"start":{"line":654,"column":2},"end":{"line":656,"column":null}},"268":{"start":{"line":655,"column":3},"end":{"line":655,"column":63}},"269":{"start":{"line":658,"column":2},"end":{"line":666,"column":null}},"270":{"start":{"line":659,"column":3},"end":{"line":661,"column":null}},"271":{"start":{"line":660,"column":4},"end":{"line":660,"column":47}},"272":{"start":{"line":663,"column":3},"end":{"line":665,"column":null}},"273":{"start":{"line":664,"column":4},"end":{"line":664,"column":46}},"274":{"start":{"line":668,"column":2},"end":{"line":676,"column":null}},"275":{"start":{"line":669,"column":3},"end":{"line":671,"column":null}},"276":{"start":{"line":670,"column":4},"end":{"line":670,"column":48}},"277":{"start":{"line":673,"column":3},"end":{"line":675,"column":null}},"278":{"start":{"line":674,"column":4},"end":{"line":674,"column":47}},"279":{"start":{"line":680,"column":2},"end":{"line":684,"column":5}},"280":{"start":{"line":686,"column":17},"end":{"line":686,"column":null}},"281":{"start":{"line":686,"column":8},"end":{"line":686,"column":null}},"282":{"start":{"line":688,"column":2},"end":{"line":688,"column":55}},"283":{"start":{"line":692,"column":41},"end":{"line":692,"column":43}},"284":{"start":{"line":699,"column":19},"end":{"line":699,"column":null}},"285":{"start":{"line":701,"column":2},"end":{"line":701,"column":28}},"286":{"start":{"line":702,"column":2},"end":{"line":702,"column":40}},"287":{"start":{"line":703,"column":2},"end":{"line":703,"column":34}},"288":{"start":{"line":704,"column":2},"end":{"line":704,"column":42}},"289":{"start":{"line":705,"column":2},"end":{"line":705,"column":34}},"290":{"start":{"line":706,"column":2},"end":{"line":706,"column":42}},"291":{"start":{"line":707,"column":2},"end":{"line":707,"column":22}},"292":{"start":{"line":710,"column":1},"end":{"line":710,"column":60}},"293":{"start":{"line":712,"column":1},"end":{"line":712,"column":46}},"294":{"start":{"line":713,"column":1},"end":{"line":713,"column":40}},"295":{"start":{"line":715,"column":1},"end":{"line":718,"column":26}},"296":{"start":{"line":720,"column":1},"end":{"line":723,"column":22}},"297":{"start":{"line":725,"column":1},"end":{"line":729,"column":10}},"298":{"start":{"line":733,"column":9},"end":{"line":733,"column":19}},"299":{"start":{"line":733,"column":21},"end":{"line":733,"column":37}},"300":{"start":{"line":733,"column":39},"end":{"line":733,"column":50}},"301":{"start":{"line":734,"column":9},"end":{"line":734,"column":17}},"302":{"start":{"line":735,"column":1},"end":{"line":735,"column":76}},"303":{"start":{"line":739,"column":9},"end":{"line":739,"column":35}},"304":{"start":{"line":741,"column":49},"end":{"line":742,"column":17}},"305":{"start":{"line":742,"column":2},"end":{"line":742,"column":45}},"306":{"start":{"line":744,"column":1},"end":{"line":746,"column":null}},"307":{"start":{"line":745,"column":2},"end":{"line":745,"column":41}},"308":{"start":{"line":747,"column":1},"end":{"line":749,"column":null}},"309":{"start":{"line":748,"column":2},"end":{"line":748,"column":32}},"310":{"start":{"line":751,"column":1},"end":{"line":751,"column":50}},"311":{"start":{"line":755,"column":9},"end":{"line":755,"column":35}},"312":{"start":{"line":757,"column":46},"end":{"line":758,"column":14}},"313":{"start":{"line":758,"column":2},"end":{"line":758,"column":39}},"314":{"start":{"line":760,"column":1},"end":{"line":762,"column":null}},"315":{"start":{"line":761,"column":2},"end":{"line":761,"column":38}},"316":{"start":{"line":763,"column":1},"end":{"line":765,"column":null}},"317":{"start":{"line":764,"column":2},"end":{"line":764,"column":29}},"318":{"start":{"line":767,"column":1},"end":{"line":767,"column":44}},"319":{"start":{"line":771,"column":1},"end":{"line":771,"column":20}},"320":{"start":{"line":780,"column":1},"end":{"line":796,"column":null}},"321":{"start":{"line":782,"column":3},"end":{"line":782,"column":40}},"322":{"start":{"line":783,"column":3},"end":{"line":783,"column":9}},"323":{"start":{"line":785,"column":3},"end":{"line":785,"column":35}},"324":{"start":{"line":786,"column":3},"end":{"line":786,"column":9}},"325":{"start":{"line":788,"column":3},"end":{"line":788,"column":35}},"326":{"start":{"line":789,"column":3},"end":{"line":789,"column":9}},"327":{"start":{"line":791,"column":3},"end":{"line":791,"column":38}},"328":{"start":{"line":792,"column":3},"end":{"line":792,"column":9}},"329":{"start":{"line":794,"column":3},"end":{"line":794,"column":34}},"330":{"start":{"line":795,"column":3},"end":{"line":795,"column":9}},"331":{"start":{"line":798,"column":1},"end":{"line":805,"column":null}},"332":{"start":{"line":799,"column":2},"end":{"line":799,"column":16}},"333":{"start":{"line":801,"column":14},"end":{"line":801,"column":107}},"334":{"start":{"line":802,"column":2},"end":{"line":802,"column":20}},"335":{"start":{"line":804,"column":2},"end":{"line":804,"column":23}},"336":{"start":{"line":812,"column":7},"end":{"line":814,"column":3}},"337":{"start":{"line":816,"column":7},"end":{"line":816,"column":69}},"338":{"start":{"line":818,"column":1},"end":{"line":841,"column":4}},"339":{"start":{"line":818,"column":35},"end":{"line":841,"column":3}},"340":{"start":{"line":819,"column":33},"end":{"line":825,"column":null}},"341":{"start":{"line":822,"column":4},"end":{"line":822,"column":null}},"342":{"start":{"line":819,"column":8},"end":{"line":819,"column":33}},"343":{"start":{"line":827,"column":6},"end":{"line":827,"column":26}},"344":{"start":{"line":828,"column":9},"end":{"line":828,"column":62}},"345":{"start":{"line":830,"column":7},"end":{"line":830,"column":18}},"346":{"start":{"line":831,"column":4},"end":{"line":831,"column":25}},"347":{"start":{"line":834,"column":3},"end":{"line":839,"column":5}},"348":{"start":{"line":850,"column":5},"end":{"line":850,"column":16}},"349":{"start":{"line":851,"column":2},"end":{"line":851,"column":37}},"350":{"start":{"line":852,"column":2},"end":{"line":855,"column":5}},"351":{"start":{"line":853,"column":3},"end":{"line":853,"column":21}},"352":{"start":{"line":854,"column":3},"end":{"line":854,"column":20}},"353":{"start":{"line":857,"column":2},"end":{"line":857,"column":20}},"354":{"start":{"line":859,"column":2},"end":{"line":859,"column":9}},"355":{"start":{"line":862,"column":1},"end":{"line":867,"column":3}},"356":{"start":{"line":869,"column":1},"end":{"line":869,"column":22}},"357":{"start":{"line":871,"column":1},"end":{"line":871,"column":51}},"358":{"start":{"line":873,"column":9},"end":{"line":873,"column":41}},"359":{"start":{"line":875,"column":1},"end":{"line":916,"column":null}},"360":{"start":{"line":876,"column":2},"end":{"line":876,"column":74}},"361":{"start":{"line":878,"column":2},"end":{"line":889,"column":4}},"362":{"start":{"line":891,"column":8},"end":{"line":891,"column":70}},"363":{"start":{"line":892,"column":2},"end":{"line":909,"column":6}},"364":{"start":{"line":895,"column":13},"end":{"line":895,"column":17}},"365":{"start":{"line":895,"column":19},"end":{"line":895,"column":23}},"366":{"start":{"line":896,"column":5},"end":{"line":898,"column":null}},"367":{"start":{"line":897,"column":6},"end":{"line":897,"column":20}},"368":{"start":{"line":900,"column":5},"end":{"line":903,"column":8}},"369":{"start":{"line":906,"column":5},"end":{"line":906,"column":36}},"370":{"start":{"line":907,"column":5},"end":{"line":907,"column":18}},"371":{"start":{"line":911,"column":2},"end":{"line":913,"column":5}},"372":{"start":{"line":915,"column":2},"end":{"line":915,"column":16}},"373":{"start":{"line":918,"column":1},"end":{"line":918,"column":19}},"374":{"start":{"line":922,"column":1},"end":{"line":924,"column":null}},"375":{"start":{"line":923,"column":2},"end":{"line":923,"column":9}},"376":{"start":{"line":926,"column":1},"end":{"line":928,"column":null}},"377":{"start":{"line":927,"column":2},"end":{"line":927,"column":33}},"378":{"start":{"line":930,"column":1},"end":{"line":930,"column":23}},"379":{"start":{"line":932,"column":1},"end":{"line":932,"column":25}},"380":{"start":{"line":933,"column":1},"end":{"line":933,"column":21}},"381":{"start":{"line":934,"column":1},"end":{"line":934,"column":18}},"382":{"start":{"line":938,"column":36},"end":{"line":970,"column":3}},"383":{"start":{"line":972,"column":1},"end":{"line":972,"column":18}},"384":{"start":{"line":975,"column":0},"end":{"line":975,"column":null}},"385":{"start":{"line":982,"column":1},"end":{"line":982,"column":15}},"386":{"start":{"line":983,"column":1},"end":{"line":983,"column":15}},"387":{"start":{"line":984,"column":1},"end":{"line":984,"column":13}},"388":{"start":{"line":985,"column":1},"end":{"line":985,"column":17}},"389":{"start":{"line":986,"column":1},"end":{"line":986,"column":19}},"390":{"start":{"line":987,"column":1},"end":{"line":987,"column":23}},"391":{"start":{"line":988,"column":1},"end":{"line":988,"column":15}},"392":{"start":{"line":977,"column":2},"end":{"line":977,"column":25}},"393":{"start":{"line":979,"column":1},"end":{"line":981,"column":null}},"394":{"start":{"line":980,"column":2},"end":{"line":980,"column":21}},"395":{"start":{"line":989,"column":0},"end":{"line":989,"column":null}},"396":{"start":{"line":991,"column":17},"end":{"line":991,"column":32}},"397":{"start":{"line":993,"column":33},"end":{"line":993,"column":42}}},"fnMap":{"0":{"name":"(anonymous_20)","decl":{"start":{"line":77,"column":27},"end":{"line":77,"column":null}},"loc":{"start":{"line":78,"column":50},"end":{"line":83,"column":1}}},"1":{"name":"(anonymous_21)","decl":{"start":{"line":85,"column":32},"end":{"line":85,"column":null}},"loc":{"start":{"line":86,"column":9},"end":{"line":89,"column":1}}},"2":{"name":"(anonymous_22)","decl":{"start":{"line":91,"column":45},"end":{"line":91,"column":61}},"loc":{"start":{"line":91,"column":61},"end":{"line":92,"column":18}}},"3":{"name":"(anonymous_23)","decl":{"start":{"line":102,"column":19},"end":{"line":102,"column":20}},"loc":{"start":{"line":102,"column":38},"end":{"line":189,"column":1}}},"4":{"name":"(anonymous_24)","decl":{"start":{"line":136,"column":40},"end":{"line":136,"column":49}},"loc":{"start":{"line":136,"column":49},"end":{"line":186,"column":2}}},"5":{"name":"(anonymous_25)","decl":{"start":{"line":143,"column":61},"end":{"line":143,"column":66}},"loc":{"start":{"line":143,"column":66},"end":{"line":158,"column":3}}},"6":{"name":"(anonymous_26)","decl":{"start":{"line":148,"column":5},"end":{"line":148,"column":10}},"loc":{"start":{"line":148,"column":10},"end":{"line":149,"column":11}}},"7":{"name":"(anonymous_27)","decl":{"start":{"line":153,"column":13},"end":{"line":153,"column":18}},"loc":{"start":{"line":153,"column":18},"end":{"line":154,"column":20}}},"8":{"name":"(anonymous_28)","decl":{"start":{"line":177,"column":22},"end":{"line":177,"column":23}},"loc":{"start":{"line":177,"column":23},"end":{"line":177,"column":33}}},"9":{"name":"(anonymous_29)","decl":{"start":{"line":182,"column":37},"end":{"line":182,"column":38}},"loc":{"start":{"line":182,"column":38},"end":{"line":182,"column":59}}},"10":{"name":"(anonymous_30)","decl":{"start":{"line":193,"column":26},"end":{"line":193,"column":35}},"loc":{"start":{"line":193,"column":35},"end":{"line":211,"column":1}}},"11":{"name":"(anonymous_31)","decl":{"start":{"line":196,"column":42},"end":{"line":196,"column":43}},"loc":{"start":{"line":196,"column":71},"end":{"line":201,"column":2}}},"12":{"name":"(anonymous_32)","decl":{"start":{"line":204,"column":2},"end":{"line":204,"column":3}},"loc":{"start":{"line":204,"column":29},"end":{"line":207,"column":3}}},"13":{"name":"modelInstanceCreator","decl":{"start":{"line":218,"column":9},"end":{"line":218,"column":29}},"loc":{"start":{"line":220,"column":52},"end":{"line":225,"column":1}}},"14":{"name":"(anonymous_34)","decl":{"start":{"line":227,"column":28},"end":{"line":227,"column":29}},"loc":{"start":{"line":227,"column":74},"end":{"line":227,"column":null}}},"15":{"name":"(anonymous_35)","decl":{"start":{"line":227,"column":79},"end":{"line":227,"column":null}},"loc":{"start":{"line":229,"column":7},"end":{"line":264,"column":1}}},"16":{"name":"(anonymous_36)","decl":{"start":{"line":250,"column":21},"end":{"line":250,"column":22}},"loc":{"start":{"line":250,"column":22},"end":{"line":250,"column":33}}},"17":{"name":"(anonymous_37)","decl":{"start":{"line":251,"column":35},"end":{"line":251,"column":36}},"loc":{"start":{"line":251,"column":36},"end":{"line":251,"column":47}}},"18":{"name":"(anonymous_38)","decl":{"start":{"line":266,"column":27},"end":{"line":266,"column":null}},"loc":{"start":{"line":269,"column":40},"end":{"line":276,"column":1}}},"19":{"name":"(anonymous_39)","decl":{"start":{"line":272,"column":30},"end":{"line":272,"column":31}},"loc":{"start":{"line":272,"column":37},"end":{"line":275,"column":2}}},"20":{"name":"(anonymous_40)","decl":{"start":{"line":278,"column":25},"end":{"line":278,"column":null}},"loc":{"start":{"line":279,"column":29},"end":{"line":344,"column":1}}},"21":{"name":"(anonymous_41)","decl":{"start":{"line":281,"column":47},"end":{"line":281,"column":56}},"loc":{"start":{"line":281,"column":47},"end":{"line":337,"column":null}}},"22":{"name":"Model","decl":{"start":{"line":282,"column":2},"end":{"line":282,"column":14}},"loc":{"start":{"line":282,"column":32},"end":{"line":319,"column":3}}},"23":{"name":"(anonymous_43)","decl":{"start":{"line":285,"column":4},"end":{"line":285,"column":5}},"loc":{"start":{"line":285,"column":44},"end":{"line":315,"column":5}}},"24":{"name":"(anonymous_44)","decl":{"start":{"line":321,"column":2},"end":{"line":321,"column":9}},"loc":{"start":{"line":321,"column":60},"end":{"line":336,"column":3}}},"25":{"name":"(anonymous_45)","decl":{"start":{"line":328,"column":26},"end":{"line":328,"column":31}},"loc":{"start":{"line":328,"column":31},"end":{"line":335,"column":4}}},"26":{"name":"(anonymous_46)","decl":{"start":{"line":332,"column":34},"end":{"line":332,"column":35}},"loc":{"start":{"line":332,"column":41},"end":{"line":334,"column":5}}},"27":{"name":"(anonymous_47)","decl":{"start":{"line":346,"column":28},"end":{"line":346,"column":32}},"loc":{"start":{"line":346,"column":62},"end":{"line":365,"column":1}}},"28":{"name":"(anonymous_48)","decl":{"start":{"line":347,"column":44},"end":{"line":347,"column":53}},"loc":{"start":{"line":347,"column":44},"end":{"line":358,"column":null}}},"29":{"name":"Model","decl":{"start":{"line":348,"column":2},"end":{"line":348,"column":14}},"loc":{"start":{"line":348,"column":32},"end":{"line":357,"column":3}}},"30":{"name":"(anonymous_50)","decl":{"start":{"line":351,"column":4},"end":{"line":351,"column":5}},"loc":{"start":{"line":351,"column":44},"end":{"line":353,"column":5}}},"31":{"name":"(anonymous_51)","decl":{"start":{"line":367,"column":13},"end":{"line":367,"column":null}},"loc":{"start":{"line":369,"column":38},"end":{"line":401,"column":2}}},"32":{"name":"(anonymous_52)","decl":{"start":{"line":369,"column":38},"end":{"line":369,"column":null}},"loc":{"start":{"line":369,"column":38},"end":{"line":401,"column":2}}},"33":{"name":"(anonymous_54)","decl":{"start":{"line":391,"column":49},"end":{"line":391,"column":55}},"loc":{"start":{"line":391,"column":56},"end":{"line":398,"column":3}}},"34":{"name":"(anonymous_55)","decl":{"start":{"line":391,"column":56},"end":{"line":391,"column":null}},"loc":{"start":{"line":391,"column":56},"end":{"line":398,"column":3}}},"35":{"name":"(anonymous_57)","decl":{"start":{"line":416,"column":4},"end":{"line":416,"column":null}},"loc":{"start":{"line":418,"column":72},"end":{"line":505,"column":3}}},"36":{"name":"(anonymous_58)","decl":{"start":{"line":418,"column":72},"end":{"line":418,"column":null}},"loc":{"start":{"line":418,"column":72},"end":{"line":505,"column":3}}},"37":{"name":"(anonymous_60)","decl":{"start":{"line":515,"column":4},"end":{"line":515,"column":null}},"loc":{"start":{"line":517,"column":50},"end":{"line":594,"column":2}}},"38":{"name":"(anonymous_61)","decl":{"start":{"line":576,"column":48},"end":{"line":576,"column":56}},"loc":{"start":{"line":576,"column":56},"end":{"line":593,"column":3}}},"39":{"name":"(anonymous_62)","decl":{"start":{"line":579,"column":4},"end":{"line":579,"column":null}},"loc":{"start":{"line":579,"column":4},"end":{"line":586,"column":5}}},"40":{"name":"(anonymous_65)","decl":{"start":{"line":584,"column":13},"end":{"line":584,"column":14}},"loc":{"start":{"line":584,"column":23},"end":{"line":584,"column":45}}},"41":{"name":"(anonymous_66)","decl":{"start":{"line":588,"column":10},"end":{"line":588,"column":null}},"loc":{"start":{"line":588,"column":10},"end":{"line":592,"column":4}}},"42":{"name":"isQueryOne","decl":{"start":{"line":596,"column":9},"end":{"line":596,"column":19}},"loc":{"start":{"line":596,"column":28},"end":{"line":598,"column":1}}},"43":{"name":"(anonymous_68)","decl":{"start":{"line":610,"column":4},"end":{"line":610,"column":null}},"loc":{"start":{"line":613,"column":29},"end":{"line":689,"column":3}}},"44":{"name":"(anonymous_69)","decl":{"start":{"line":613,"column":29},"end":{"line":613,"column":null}},"loc":{"start":{"line":613,"column":29},"end":{"line":689,"column":3}}},"45":{"name":"configure","decl":{"start":{"line":699,"column":9},"end":{"line":699,"column":18}},"loc":{"start":{"line":699,"column":47},"end":{"line":730,"column":1}}},"46":{"name":"defaultConflictHandler","decl":{"start":{"line":732,"column":9},"end":{"line":732,"column":31}},"loc":{"start":{"line":732,"column":58},"end":{"line":736,"column":1}}},"47":{"name":"setConflictHandler","decl":{"start":{"line":738,"column":9},"end":{"line":738,"column":27}},"loc":{"start":{"line":738,"column":51},"end":{"line":752,"column":1}}},"48":{"name":"(anonymous_74)","decl":{"start":{"line":741,"column":49},"end":{"line":741,"column":null}},"loc":{"start":{"line":741,"column":49},"end":{"line":742,"column":17}}},"49":{"name":"setErrorHandler","decl":{"start":{"line":754,"column":9},"end":{"line":754,"column":24}},"loc":{"start":{"line":754,"column":48},"end":{"line":768,"column":1}}},"50":{"name":"(anonymous_76)","decl":{"start":{"line":757,"column":46},"end":{"line":757,"column":null}},"loc":{"start":{"line":757,"column":46},"end":{"line":758,"column":14}}},"51":{"name":"defaultErrorHandler","decl":{"start":{"line":770,"column":9},"end":{"line":770,"column":28}},"loc":{"start":{"line":770,"column":45},"end":{"line":772,"column":1}}},"52":{"name":"getModelConstructorByModelName","decl":{"start":{"line":774,"column":9},"end":{"line":774,"column":39}},"loc":{"start":{"line":776,"column":18},"end":{"line":806,"column":1}}},"53":{"name":"checkSchemaVersion","decl":{"start":{"line":808,"column":15},"end":{"line":808,"column":33}},"loc":{"start":{"line":810,"column":16},"end":{"line":842,"column":null}}},"54":{"name":"(anonymous_82)","decl":{"start":{"line":818,"column":28},"end":{"line":818,"column":34}},"loc":{"start":{"line":818,"column":35},"end":{"line":841,"column":3}}},"55":{"name":"(anonymous_83)","decl":{"start":{"line":818,"column":35},"end":{"line":818,"column":null}},"loc":{"start":{"line":818,"column":35},"end":{"line":841,"column":3}}},"56":{"name":"(anonymous_85)","decl":{"start":{"line":821,"column":61},"end":{"line":821,"column":62}},"loc":{"start":{"line":821,"column":62},"end":{"line":822,"column":5}}},"57":{"name":"start","decl":{"start":{"line":849,"column":15},"end":{"line":849,"column":20}},"loc":{"start":{"line":849,"column":20},"end":{"line":919,"column":null}}},"58":{"name":"(anonymous_89)","decl":{"start":{"line":852,"column":28},"end":{"line":852,"column":29}},"loc":{"start":{"line":852,"column":37},"end":{"line":855,"column":3}}},"59":{"name":"(anonymous_90)","decl":{"start":{"line":895,"column":10},"end":{"line":895,"column":11}},"loc":{"start":{"line":895,"column":25},"end":{"line":904,"column":5}}},"60":{"name":"(anonymous_91)","decl":{"start":{"line":905,"column":11},"end":{"line":905,"column":14}},"loc":{"start":{"line":905,"column":14},"end":{"line":908,"column":5}}},"61":{"name":"clear","decl":{"start":{"line":921,"column":15},"end":{"line":921,"column":20}},"loc":{"start":{"line":921,"column":20},"end":{"line":935,"column":null}}},"62":{"name":"getNamespace","decl":{"start":{"line":937,"column":9},"end":{"line":937,"column":21}},"loc":{"start":{"line":937,"column":21},"end":{"line":973,"column":1}}},"63":{"name":"(anonymous_96)","decl":{"start":{"line":975,"column":0},"end":{"line":975,"column":null}},"loc":{"start":{"line":975,"column":0},"end":{"line":989,"column":null}}},"64":{"name":"DataStore","decl":{"start":{"line":976,"column":1},"end":{"line":976,"column":null}},"loc":{"start":{"line":976,"c
[...]
1,"column":51}},"98":{"start":{"line":233,"column":16},"end":{"line":233,"column":57}},"99":{"start":{"line":234,"column":15},"end":{"line":234,"column":17}},"100":{"start":{"line":235,"column":14},"end":{"line":235,"column":16}},"101":{"start":{"line":237,"column":1},"end":{"line":240,"column":null}},"102":{"start":{"line":238,"column":2},"end":{"line":238,"column":40}},"103":{"start":{"line":239,"column":2},"end":{"line":239,"column":45}},"104":{"start":{"line":242,"column":1},"end":{"line":250,"column":3}},"105":{"start":{"line":222,"column":0},"end":{"line":222,"column":16}},"106":{"start":{"line":258,"column":20},"end":{"line":258,"column":68}},"107":{"start":{"line":260,"column":9},"end":{"line":260,"column":23}},"108":{"start":{"line":260,"column":25},"end":{"line":260,"column":51}},"109":{"start":{"line":263,"column":28},"end":{"line":263,"column":31}},"110":{"start":{"line":264,"column":29},"end":{"line":264,"column":32}},"111":{"start":{"line":267,"column":1},"end":{"line":306,"column":null}},"112":{"start":{"line":269,"column":3},"end":{"line":269,"column":39}},"113":{"start":{"line":270,"column":3},"end":{"line":270,"column":79}},"114":{"start":{"line":271,"column":3},"end":{"line":272,"column":66}},"115":{"start":{"line":273,"column":3},"end":{"line":277,"column":17}},"116":{"start":{"line":278,"column":3},"end":{"line":278,"column":9}},"117":{"start":{"line":280,"column":3},"end":{"line":280,"column":35}},"118":{"start":{"line":281,"column":3},"end":{"line":281,"column":54}},"119":{"start":{"line":282,"column":3},"end":{"line":282,"column":37}},"120":{"start":{"line":283,"column":3},"end":{"line":283,"column":60}},"121":{"start":{"line":284,"column":3},"end":{"line":284,"column":9}},"122":{"start":{"line":286,"column":3},"end":{"line":286,"column":35}},"123":{"start":{"line":287,"column":3},"end":{"line":287,"column":98}},"124":{"start":{"line":288,"column":3},"end":{"line":288,"column":60}},"125":{"start":{"line":289,"column":3},"end":{"line":289,"column":60}},"126":{"start":{"line":290,"column":3},"end":{"line":290,"column":9}},"127":{"start":{"line":292,"column":3},"end":{"line":292,"column":35}},"128":{"start":{"line":293,"column":3},"end":{"line":293,"column":98}},"129":{"start":{"line":294,"column":3},"end":{"line":294,"column":60}},"130":{"start":{"line":295,"column":3},"end":{"line":295,"column":60}},"131":{"start":{"line":296,"column":3},"end":{"line":296,"column":9}},"132":{"start":{"line":298,"column":3},"end":{"line":298,"column":32}},"133":{"start":{"line":299,"column":3},"end":{"line":299,"column":31}},"134":{"start":{"line":300,"column":3},"end":{"line":300,"column":31}},"135":{"start":{"line":301,"column":3},"end":{"line":301,"column":57}},"136":{"start":{"line":302,"column":3},"end":{"line":302,"column":9}},"137":{"start":{"line":305,"column":3},"end":{"line":305,"column":34}},"138":{"start":{"line":308,"column":1},"end":{"line":318,"column":3}},"139":{"start":{"line":253,"column":0},"end":{"line":253,"column":16}},"140":{"start":{"line":336,"column":1},"end":{"line":348,"column":null}},"141":{"start":{"line":338,"column":3},"end":{"line":338,"column":46}},"142":{"start":{"line":339,"column":3},"end":{"line":339,"column":9}},"143":{"start":{"line":341,"column":3},"end":{"line":341,"column":46}},"144":{"start":{"line":342,"column":3},"end":{"line":342,"column":9}},"145":{"start":{"line":344,"column":3},"end":{"line":344,"column":46}},"146":{"start":{"line":345,"column":3},"end":{"line":345,"column":9}},"147":{"start":{"line":347,"column":3},"end":{"line":347,"column":27}},"148":{"start":{"line":350,"column":23},"end":{"line":356,"column":null}},"149":{"start":{"line":359,"column":1},"end":{"line":359,"column":22}},"150":{"start":{"line":321,"column":0},"end":{"line":321,"column":16}},"151":{"start":{"line":365,"column":16},"end":{"line":365,"column":18}},"152":{"start":{"line":367,"column":1},"end":{"line":369,"column":null}},"153":{"start":{"line":368,"column":2},"end":{"line":368,"column":16}},"154":{"start":{"line":371,"column":1},"end":{"line":383,"column":4}},"155":{"start":{"line":372,"column":2},"end":{"line":382,"column":null}},"156":{"start":{"line":373,"column":11},"end":{"line":373,"column":16}},"157":{"start":{"line":373,"column":18},"end":{"line":373,"column":26}},"158":{"start":{"line":373,"column":28},"end":{"line":373,"column":35}},"159":{"start":{"line":375,"column":3},"end":{"line":377,"column":null}},"160":{"start":{"line":376,"column":4},"end":{"line":376,"column":11}},"161":{"start":{"line":379,"column":3},"end":{"line":379,"column":43}},"162":{"start":{"line":381,"column":3},"end":{"line":381,"column":51}},"163":{"start":{"line":385,"column":1},"end":{"line":385,"column":15}},"164":{"start":{"line":362,"column":0},"end":{"line":362,"column":16}}},"fnMap":{"0":{"name":"(anonymous_2)","decl":{"start":{"line":25,"column":0},"end":{"line":25,"column":5}},"loc":{"start":{"line":25,"column":25},"end":{"line":31,"column":1}}},"1":{"name":"(anonymous_3)","decl":{"start":{"line":33,"column":0},"end":{"line":33,"column":12}},"loc":{"start":{"line":33,"column":35},"end":{"line":38,"column":1}}},"2":{"name":"getMetadataFields","decl":{"start":{"line":49,"column":16},"end":{"line":49,"column":33}},"loc":{"start":{"line":49,"column":33},"end":{"line":51,"column":1}}},"3":{"name":"generateSelectionSet","decl":{"start":{"line":53,"column":9},"end":{"line":53,"column":29}},"loc":{"start":{"line":55,"column":46},"end":{"line":73,"column":1}}},"4":{"name":"(anonymous_6)","decl":{"start":{"line":61,"column":7},"end":{"line":61,"column":8}},"loc":{"start":{"line":61,"column":16},"end":{"line":61,"column":25}}},"5":{"name":"getScalarFields","decl":{"start":{"line":75,"column":9},"end":{"line":75,"column":24}},"loc":{"start":{"line":76,"column":46},"end":{"line":95,"column":1}}},"6":{"name":"(anonymous_8)","decl":{"start":{"line":81,"column":10},"end":{"line":81,"column":15}},"loc":{"start":{"line":81,"column":15},"end":{"line":87,"column":3}}},"7":{"name":"(anonymous_9)","decl":{"start":{"line":88,"column":10},"end":{"line":88,"column":11}},"loc":{"start":{"line":88,"column":21},"end":{"line":92,"column":3}}},"8":{"name":"getConnectionFields","decl":{"start":{"line":97,"column":9},"end":{"line":97,"column":28}},"loc":{"start":{"line":97,"column":57},"end":{"line":121,"column":1}}},"9":{"name":"(anonymous_11)","decl":{"start":{"line":101,"column":10},"end":{"line":101,"column":11}},"loc":{"start":{"line":101,"column":26},"end":{"line":101,"column":42}}},"10":{"name":"(anonymous_12)","decl":{"start":{"line":102,"column":11},"end":{"line":102,"column":12}},"loc":{"start":{"line":102,"column":33},"end":{"line":118,"column":3}}},"11":{"name":"getNonModelFields","decl":{"start":{"line":123,"column":9},"end":{"line":123,"column":26}},"loc":{"start":{"line":125,"column":46},"end":{"line":154,"column":1}}},"12":{"name":"(anonymous_14)","decl":{"start":{"line":129,"column":47},"end":{"line":129,"column":48}},"loc":{"start":{"line":129,"column":62},"end":{"line":151,"column":2}}},"13":{"name":"(anonymous_15)","decl":{"start":{"line":133,"column":4},"end":{"line":133,"column":5}},"loc":{"start":{"line":133,"column":13},"end":{"line":133,"column":22}}},"14":{"name":"(anonymous_16)","decl":{"start":{"line":137,"column":48},"end":{"line":137,"column":53}},"loc":{"start":{"line":137,"column":53},"end":{"line":147,"column":4}}},"15":{"name":"getAuthorizationRules","decl":{"start":{"line":156,"column":16},"end":{"line":156,"column":37}},"loc":{"start":{"line":158,"column":43},"end":{"line":220,"column":1}}},"16":{"name":"(anonymous_18)","decl":{"start":{"line":163,"column":8},"end":{"line":163,"column":12}},"loc":{"start":{"line":163,"column":12},"end":{"line":163,"column":20}}},"17":{"name":"(anonymous_19)","decl":{"start":{"line":169,"column":15},"end":{"line":169,"column":19}},"loc":{"start":{"line":169,"column":19},"end":{"line":217,"column":2}}},"18":{"name":"(anonymous_20)","decl":{"start":{"line":182,"column":3},"end":{"line":182,"column":12}},"loc":{"start":{"line":182,"column":12},"end":{"line":182,"column":25}}},"19":{"name":"(anonymous_21)","decl":{"start":{"line":201,"column":11},"end":{"line":201,"column":15}},"loc":{"start":{"line":201,"column":15},"end":{"line":201,"column":23}}},"20":{"name":"buildSubscriptionGraphQLOperation","decl":{"start":{"line":222,"column":16},"end":{"line":222,"column":49}},"loc":{"start":{"line":227,"column":19},"end":{"line":251,"column":1}}},"21":{"name":"buildGraphQLOperation","decl":{"start":{"line":253,"column":16},"end":{"line":253,"column":37}},"loc":{"start":{"line":256,"column":49},"end":{"line":319,"column":1}}},"22":{"name":"createMutationInstanceFromModelOperation","decl":{"start":{"line":321,"column":16},"end":{"line":321,"column":56}},"loc":{"start":{"line":332,"column":12},"end":{"line":360,"column":1}}},"23":{"name":"predicateToGraphQLCondition","decl":{"start":{"line":362,"column":16},"end":{"line":362,"column":43}},"loc":{"start":{"line":363,"column":32},"end":{"line":386,"column":1}}},"24":{"name":"(anonymous_26)","decl":{"start":{"line":371,"column":30},"end":{"line":371,"column":31}},"loc":{"start":{"line":371,"column":31},"end":{"line":383,"column":2}}}},"branchMap":{"0":{"loc":{"start":{"line":25,"column":5},"end":{"line":25,"column":25}},"type":"binary-expr","locations":[{"start":{"line":25,"column":5},"end":{"line":25,"column":25}},{"start":{"line":25,"column":5},"end":{"line":25,"column":null}}]},"1":{"loc":{"start":{"line":33,"column":12},"end":{"line":33,"column":35}},"type":"binary-expr","locations":[{"start":{"line":33,"column":12},"end":{"line":33,"column":35}},{"start":{"line":33,"column":12},"end":{"line":33,"column":null}}]},"2":{"loc":{"start":{"line":64,"column":1},"end":{"line":68,"column":null}},"type":"if","locations":[{"start":{"line":64,"column":1},"end":{"line":68,"column":null}},{"start":{"line":64,"column":1},"end":{"line":68,"column":null}}]},"3":{"loc":{"start":{"line":82,"column":3},"end":{"line":84,"column":null}},"type":"if","locations":[{"start":{"line":82,"column":3},"end":{"line":84,"column":null}},{"start":{"line":82,"column":3},"end":{"line":84,"column":null}}]},"4":{"loc":{"start":{"line":82,"column":7},"end":{"line":82,"column":38}},"type":"binary-expr","locations":[{"start":{"line":82,"column":7},"end":{"line":82,"column":38}},{"start":{"line":82,"column":42},"end":{"line":82,"column":69}}]},"5":{"loc":{"start":{"line":101,"column":31},"end":{"line":101,"column":42}},"type":"binary-expr","locations":[{"start":{"line":101,"column":31},"end":{"line":101,"column":42}},{"start":{"line":101,"column":46},"end":{"line":101,"column":77}}]},"6":{"loc":{"start":{"line":106,"column":4},"end":{"line":106,"column":19}},"type":"switch","locations":[{"start":{"line":106,"column":4},"end":{"line":106,"column":19}},{"start":{"line":107,"column":4},"end":{"line":109,"column":11}},{"start":{"line":110,"column":4},"end":{"line":114,"column":11}},{"start":{"line":115,"column":4},"end":{"line":116,"column":37}}]},"7":{"loc":{"start":{"line":111,"column":5},"end":{"line":113,"column":null}},"type":"if","locations":[{"start":{"line":111,"column":5},"end":{"line":113,"column":null}},{"start":{"line":111,"column":5},"end":{"line":113,"column":null}}]},"8":{"loc":{"start":{"line":130,"column":2},"end":{"line":150,"column":null}},"type":"if","locations":[{"start":{"line":130,"column":2},"end":{"line":150,"column":null}},{"start":{"line":130,"column":2},"end":{"line":150,"column":null}}]},"9":{"loc":{"start":{"line":140,"column":4},"end":{"line":146,"column":null}},"type":"if","locations":[{"start":{"line":140,"column":4},"end":{"line":146,"column":null}},{"start":{"line":140,"column":4},"end":{"line":146,"column":null}}]},"10":{"loc":{"start":{"line":163,"column":16},"end":{"line":163,"column":20}},"type":"binary-expr","locations":[{"start":{"line":163,"column":16},"end":{"line":163,"column":20}},{"start":{"line":163,"column":24},"end":{"line":163,"column":44}}]},"11":{"loc":{"start":{"line":165,"column":9},"end":{"line":165,"column":23}},"type":"binary-expr","locations":[{"start":{"line":165,"column":9},"end":{"line":165,"column":23}},{"start":{"line":165,"column":9},"end":{"line":165,"column":23}}]},"12":{"loc":{"start":{"line":165,"column":23},"end":{"line":165,"column":33}},"type":"cond-expr","locations":[{"start":{"line":165,"column":23},"end":{"line":165,"column":33}},{"start":{"line":165,"column":23},"end":{"line":165,"column":33}}]},"13":{"loc":{"start":{"line":172,"column":3},"end":{"line":172,"column":37}},"type":"cond-expr","locations":[{"start":{"line":172,"column":3},"end":{"line":172,"column":37}},{"start":{"line":172,"column":3},"end":{"line":172,"column":37}}]},"14":{"loc":{"start":{"line":173,"column":3},"end":{"line":173,"column":23}},"type":"cond-expr","locations":[{"start":{"line":173,"column":3},"end":{"line":173,"column":23}},{"start":{"line":173,"column":3},"end":{"line":173,"column":23}}]},"15":{"loc":{"start":{"line":174,"column":3},"end":{"line":174,"column":46}},"type":"cond-expr","locations":[{"start":{"line":174,"column":3},"end":{"line":174,"column":46}},{"start":{"line":174,"column":3},"end":{"line":174,"column":46}}]},"16":{"loc":{"start":{"line":175,"column":3},"end":{"line":175,"column":25}},"type":"cond-expr","locations":[{"start":{"line":175,"column":3},"end":{"line":175,"column":25}},{"start":{"line":175,"column":3},"end":{"line":175,"column":25}}]},"17":{"loc":{"start":{"line":176,"column":3},"end":{"line":176,"column":32}},"type":"cond-expr","locations":[{"start":{"line":176,"column":3},"end":{"line":176,"column":32}},{"start":{"line":176,"column":3},"end":{"line":176,"column":32}}]},"18":{"loc":{"start":{"line":177,"column":3},"end":{"line":177,"column":30}},"type":"cond-expr","locations":[{"start":{"line":177,"column":3},"end":{"line":177,"column":30}},{"start":{"line":177,"column":3},"end":{"line":177,"column":30}}]},"19":{"loc":{"start":{"line":178,"column":3},"end":{"line":178,"column":14}},"type":"cond-expr","locations":[{"start":{"line":178,"column":3},"end":{"line":178,"column":14}},{"start":{"line":178,"column":3},"end":{"line":178,"column":14}}]},"20":{"loc":{"start":{"line":185,"column":2},"end":{"line":216,"column":null}},"type":"if","locations":[{"start":{"line":185,"column":2},"end":{"line":216,"column":null}},{"start":{"line":185,"column":2},"end":{"line":216,"column":null}}]},"21":{"loc":{"start":{"line":196,"column":3},"end":{"line":208,"column":null}},"type":"if","locations":[{"start":{"line":196,"column":3},"end":{"line":208,"column":null}},{"start":{"line":196,"column":3},"end":{"line":208,"column":null}}]},"22":{"loc":{"start":{"line":201,"column":19},"end":{"line":201,"column":23}},"type":"binary-expr","locations":[{"start":{"line":201,"column":19},"end":{"line":201,"column":23}},{"start":{"line":201,"column":27},"end":{"line":201,"column":48}}]},"23":{"loc":{"start":{"line":204,"column":12},"end":{"line":204,"column":26}},"type":"binary-expr","locations":[{"start":{"line":204,"column":12},"end":{"line":204,"column":26}},{"start":{"line":204,"column":12},"end":{"line":204,"column":26}}]},"24":{"loc":{"start":{"line":204,"column":26},"end":{"line":204,"column":43}},"type":"cond-expr","locations":[{"start":{"line":204,"column":26},"end":{"line":204,"column":43}},{"start":{"line":204,"column":26},"end":{"line":204,"column":43}}]},"25":{"loc":{"start":{"line":204,"column":43},"end":{"line":204,"column":55}},"type":"cond-expr","locations":[{"start":{"line":204,"column":43},"end":{"line":204,"column":55}},{"start":{"line":204,"column":43},"end":{"line":204,"column":55}}]},"26":{"loc":{"start":{"line":211,"column":3},"end":{"line":215,"column":null}},"type":"if","locations":[{"start":{"line":211,"column":3},"end":{"line":215,"column":null}},{"start":{"line":211,"column":3},"end":{"line":215,"column":null}}]},"27":{"loc":{"start":{"line":237,"column":1},"end":{"line":240,"column":null}},"type":"if","locations":[{"start":{"line":237,"column":1},"end":{"line":240,"column":null}},{"start":{"line":237,"column":1},"end":{"line":240,"column":null}}]},"28":{"loc":{"start":{"line":268,"column":2},"end":{"line":278,"column":9}},"type":"switch","locations":[{"start":{"line":268,"column":2},"end":{"line":278,"column":9}},{"start":{"line":279,"column":2},"end":{"line":284,"column":9}},{"start":{"line":285,"column":2},"end":{"line":290,"column":9}},{"start":{"line":291,"column":2},"end":{"line":296,"column":9}},{"start":{"line":297,"column":2},"end":{"line":302,"column":9}},{"start":{"line":304,"column":2},"end":{"line":305,"column":34}}]},"29":{"loc":{"start":{"line":337,"column":2},"end":{"line":339,"column":9}},"type":"switch","locations":[{"start":{"line":337,"column":2},"end":{"line":339,"column":9}},{"start":{"line":340,"column":2},"end":{"line":342,"column":9}},{"start":{"line":343,"column":2},"end":{"line":345,"column":9}},{"start":{"line":346,"column":2},"end":{"line":347,"column":27}}]},"30":{"loc":{"start":{"line":351,"column":11},"end":{"line":351,"column":17}},"type":"cond-expr","locations":[{"start":{"line":351,"column":11},"end":{"line":351,"column":17}},{"start":{"line":351,"column":20},"end":{"line":351,"column":22}}]},"31":{"loc":{"start":{"line":367,"column":1},"end":{"line":369,"column":null}},"type":"if","locations":[{"start":{"line":367,"column":1},"end":{"line":369,"column":null}},{"start":{"line":367,"column":1},"end":{"line":369,"column":null}}]},"32":{"loc":{"start":{"line":367,"column":5},"end":{"line":367,"column":15}},"type":"binary-expr","locations":[{"start":{"line":367,"column":5},"end":{"line":367,"column":15}},{"start":{"line":367,"column":19},"end":{"line":367,"column":55}}]},"33":{"loc":{"start":{"line":372,"column":2},"end":{"line":382,"column":null}},"type":"if","locations":[{"start":{"line":372,"column":2},"end":{"line":382,"column":null}},{"start":{"line":372,"column":2},"end":{"line":382,"column":null}}]},"34":{"loc":{"start":{"line":375,"column":3},"end":{"line":377,"column":null}},"type":"if","locations":[{"start":{"line":375,"column":3},"end":{"line":377,"column":null}},{"start":{"line":375,"column":3},"end":{"line":377,"column":null}}]}},"s":{"0":1,"1":1,"2":1,"3":1,"4":1,"5":1,"6":1,"7":1,"8":1,"9":1,"10":1,"11":1,"12":1,"13":1,"14":1,"15":8,"16":1,"17":16,"18":16,"19":16,"20":24,"21":24,"22":16,"23":8,"24":16,"25":16,"26":24,"27":24,"28":88,"29":40,"30":48,"31":40,"32":40,"33":24,"34":8,"35":8,"36":56,"37":56,"38":32,"39":32,"40":32,"41":32,"42":16,"43":16,"44":16,"45":16,"46":0,"47":8,"48":16,"49":16,"50":64,"51":64,"52":64,"53":8,"54":8,"55":16,"56":16,"57":8,"58":8,"59":24,"60":24,"61":24,"62":8,"63":8,"64":8,"65":16,"66":0,"67":0,"68":0,"69":0,"70":0,"71":0,"72":0,"73":0,"74":0,"75":0,"76":0,"77":0,"78":0,"79":0,"80":0,"81":0,"82":0,"83":0,"84":0,"85":0,"86":0,"87":0,"88":0,"89":0,"90":0,"91":0,"92":0,"93":0,"94":1,"95":3,"96":3,"97":3,"98":3,"99":3,"100":3,"101":3,"102":0,"103":0,"104":3,"105":1,"106":5,"107":5,"108":5,"109":5,"110":5,"111":5,"112":1,"113":1,"114":1,"115":1,"116":1,"117":1,"118":1,"119":1,"120":1,"121":1,"122":1,"123":1,"124":1,"125":1,"126":1,"127":1,"128":1,"129":1,"130":1,"131":1,"132":1,"133":1,"134":1,"135":1,"136":1,"137":0,"138":5,"139":1,"140":0,"141":0,"142":0,"143":0,"144":0,"145":0,"146":0,"147":0,"148":0,"149":0,"150":1,"151":0,"152":0,"153":0,"154":0,"155":0,"156":0,"157":0,"158":0,"159":0,"160":0,"161":0,"162":0,"163":0,"164":1},"f":{"0":1,"1":1,"2":8,"3":16,"4":24,"5":24,"6":88,"7":40,"8":8,"9":56,"10":32,"11":16,"12":64,"13":16,"14":24,"15":0,"16":0,"17":0,"18":0,"19":0,"20":3,"21":5,"22":0,"23":0,"24":0},"b":{"0":[1,1],"1":[1,1],"2":[8,8],"3":[40,48],"4":[88,48],"5":[56,32],"6":[0,16,16,0],"7":[16,0],"8":[8,56],"9":[8,16],"10":[0,0],"11":[0,0],"12":[0,0],"13":[0,0],"14":[0,0],"15":[0,0],"16":[0,0],"17":[0,0],"18":[0,0],"19":[0,0],"20":[0,0],"21":[0,0],"22":[0,0],"23":[0,0],"24":[0,0],"25":[0,0],"26":[0,0],"27":[0,3],"28":[1,1,1,1,1,0],"29":[0,0,0,0],"30":[0,0],"31":[0,0],"32":[0,0],"33":[0,0],"34":[0,0]}}
}
