TN:
SF:/Users/yannheeser/Dev/bandao/amplify-js/packages/datastore/__tests__/schema.ts
FNF:0
FNH:0
DA:3,1
LF:1
LH:1
BRF:0
BRH:0
end_of_record
TN:
SF:/Users/yannheeser/Dev/bandao/amplify-js/packages/datastore/src/types.ts
FN:31,isSchemaModel
FN:50,isAssociatedWith
FN:58,isTargetNameAssociation
FN:68,(anonymous_3)
FN:85,(anonymous_4)
FN:86,getJSType
FN:123,isGraphQLScalarType
FN:130,isModelFieldType
FN:138,isNonModelFieldType
FN:146,isEnumFieldType
FN:198,(anonymous_10)
FN:300,isPredicateObj
FN:306,isPredicateGroup
FN:318,(anonymous_13)
FNF:14
FNH:9
FNDA:16,isSchemaModel
FNDA:0,isAssociatedWith
FNDA:16,isTargetNameAssociation
FNDA:2,(anonymous_3)
FNDA:2,(anonymous_4)
FNDA:0,getJSType
FNDA:88,isGraphQLScalarType
FNDA:0,isModelFieldType
FNDA:88,isNonModelFieldType
FNDA:48,isEnumFieldType
FNDA:2,(anonymous_10)
FNDA:0,isPredicateObj
FNDA:0,isPredicateGroup
FNDA:2,(anonymous_13)
DA:2,2
DA:31,2
DA:32,16
DA:50,2
DA:51,0
DA:58,2
DA:61,16
DA:68,2
DA:69,2
DA:70,2
DA:71,2
DA:72,2
DA:73,2
DA:74,2
DA:75,2
DA:76,2
DA:77,2
DA:78,2
DA:79,2
DA:80,2
DA:81,2
DA:82,2
DA:85,2
DA:86,2
DA:89,0
DA:91,0
DA:102,0
DA:106,0
DA:108,0
DA:123,2
DA:126,88
DA:130,2
DA:131,0
DA:132,0
DA:134,0
DA:138,2
DA:139,88
DA:140,88
DA:142,72
DA:146,2
DA:147,48
DA:148,48
DA:150,48
DA:198,2
DA:199,2
DA:200,2
DA:201,2
DA:300,2
DA:303,0
DA:306,2
DA:309,0
DA:318,2
DA:319,2
DA:320,2
DA:420,2
LF:55
LH:44
BRDA:32,0,0,16
BRDA:32,0,1,16
BRDA:51,1,0,0
BRDA:51,1,1,0
BRDA:61,2,0,16
BRDA:61,2,1,16
BRDA:68,3,0,2
BRDA:68,3,1,2
BRDA:90,4,0,0
BRDA:90,4,1,0
BRDA:90,4,2,0
BRDA:90,4,3,0
BRDA:90,4,4,0
BRDA:90,4,5,0
BRDA:90,4,6,0
BRDA:90,4,7,0
BRDA:90,4,8,0
BRDA:90,4,9,0
BRDA:90,4,10,0
BRDA:90,4,11,0
BRDA:90,4,12,0
BRDA:90,4,13,0
BRDA:90,4,14,0
BRDA:85,5,0,2
BRDA:85,5,1,0
BRDA:126,6,0,88
BRDA:126,6,1,88
BRDA:132,7,0,0
BRDA:132,7,1,0
BRDA:132,8,0,0
BRDA:132,8,1,0
BRDA:140,9,0,16
BRDA:140,9,1,72
BRDA:140,10,0,88
BRDA:140,10,1,88
BRDA:148,11,0,0
BRDA:148,11,1,48
BRDA:148,12,0,48
BRDA:148,12,1,48
BRDA:198,13,0,2
BRDA:198,13,1,2
BRDA:303,14,0,0
BRDA:303,14,1,0
BRDA:309,15,0,0
BRDA:309,15,1,0
BRDA:318,16,0,2
BRDA:318,16,1,2
BRF:47
BRH:20
end_of_record
TN:
SF:/Users/yannheeser/Dev/bandao/amplify-js/packages/datastore/src/util.ts
FN:21,(anonymous_15)
FN:27,(anonymous_16)
FN:54,(anonymous_17)
FN:73,(anonymous_18)
FN:110,(anonymous_19)
FN:118,(anonymous_20)
FN:123,(anonymous_21)
FN:127,(anonymous_22)
FN:152,(anonymous_23)
FN:156,(anonymous_24)
FN:174,(anonymous_25)
FN:197,(anonymous_26)
FN:198,(anonymous_27)
FN:288,(anonymous_28)
FN:297,(anonymous_29)
FN:299,(anonymous_30)
FN:307,(anonymous_31)
FN:311,(anonymous_32)
FN:315,(anonymous_33)
FN:331,(anonymous_34)
FN:332,(anonymous_35)
FN:336,(anonymous_36)
FN:342,(anonymous_37)
FN:370,(anonymous_40)
FN:373,(anonymous_41)
FN:374,monotonicUlidFactory
FN:377,(anonymous_43)
FN:394,getNow
FNF:28
FNH:1
FNDA:0,(anonymous_15)
FNDA:0,(anonymous_16)
FNDA:0,(anonymous_17)
FNDA:0,(anonymous_18)
FNDA:0,(anonymous_19)
FNDA:0,(anonymous_20)
FNDA:0,(anonymous_21)
FNDA:0,(anonymous_22)
FNDA:0,(anonymous_23)
FNDA:0,(anonymous_24)
FNDA:0,(anonymous_25)
FNDA:0,(anonymous_26)
FNDA:0,(anonymous_27)
FNDA:0,(anonymous_28)
FNDA:0,(anonymous_29)
FNDA:0,(anonymous_30)
FNDA:0,(anonymous_31)
FNDA:0,(anonymous_32)
FNDA:2,(anonymous_33)
FNDA:0,(anonymous_34)
FNDA:0,(anonymous_35)
FNDA:0,(anonymous_36)
FNDA:0,(anonymous_37)
FNDA:0,(anonymous_40)
FNDA:0,(anonymous_41)
FNDA:0,monotonicUlidFactory
FNDA:0,(anonymous_43)
FNDA:0,getNow
DA:1,2
DA:2,2
DA:3,2
DA:4,2
DA:6,2
DA:21,2
DA:22,0
DA:23,0
DA:27,2
DA:33,0
DA:35,0
DA:36,0
DA:39,0
DA:41,0
DA:42,0
DA:43,0
DA:45,0
DA:46,0
DA:48,0
DA:49,0
DA:51,0
DA:54,0
DA:55,0
DA:56,0
DA:57,0
DA:59,0
DA:62,0
DA:63,0
DA:64,0
DA:67,0
DA:70,0
DA:73,2
DA:78,0
DA:80,0
DA:82,0
DA:84,0
DA:86,0
DA:88,0
DA:90,0
DA:92,0
DA:93,0
DA:95,0
DA:97,0
DA:101,0
DA:105,0
DA:106,0
DA:110,2
DA:113,0
DA:118,2
DA:121,0
DA:123,0
DA:124,0
DA:126,0
DA:127,0
DA:128,0
DA:129,0
DA:133,0
DA:134,0
DA:142,0
DA:143,0
DA:151,0
DA:152,0
DA:153,0
DA:154,0
DA:155,0
DA:156,0
DA:158,0
DA:159,0
DA:160,0
DA:169,0
DA:172,2
DA:174,2
DA:184,0
DA:185,0
DA:190,0
DA:195,0
DA:197,0
DA:198,0
DA:199,0
DA:204,0
DA:206,0
DA:207,0
DA:208,0
DA:209,0
DA:217,0
DA:223,0
DA:228,0
DA:230,0
DA:231,0
DA:232,0
DA:233,0
DA:241,0
DA:245,0
DA:246,0
DA:254,0
DA:260,0
DA:262,0
DA:265,0
DA:267,0
DA:268,0
DA:273,0
DA:279,0
DA:280,0
DA:286,0
DA:288,0
DA:289,0
DA:294,0
DA:297,2
DA:298,0
DA:299,0
DA:300,0
DA:301,0
DA:304,0
DA:307,2
DA:311,0
DA:312,0
DA:315,2
DA:316,2
DA:317,2
DA:318,2
DA:319,2
DA:322,2
DA:323,2
DA:324,2
DA:325,2
DA:327,2
DA:331,2
DA:332,0
DA:333,0
DA:336,0
DA:337,0
DA:339,0
DA:342,0
DA:343,0
DA:344,0
DA:347,0
DA:349,0
DA:351,0
DA:354,0
DA:355,0
DA:358,0
DA:359,0
DA:362,0
DA:364,0
DA:365,0
DA:366,0
DA:370,2
DA:371,0
DA:373,2
DA:374,2
DA:375,0
DA:377,0
DA:378,0
DA:394,2
DA:395,0
DA:400,0
DA:402,0
LF:157
LH:29
BRDA:21,0,0,0
BRDA:21,0,1,0
BRDA:22,1,0,0
BRDA:22,1,1,0
BRDA:35,2,0,0
BRDA:35,2,1,0
BRDA:40,3,0,0
BRDA:40,3,1,0
BRDA:40,3,2,0
BRDA:40,3,3,0
BRDA:55,4,0,0
BRDA:55,4,1,0
BRDA:62,5,0,0
BRDA:62,5,1,0
BRDA:70,6,0,0
BRDA:70,6,1,0
BRDA:79,7,0,0
BRDA:79,7,1,0
BRDA:79,7,2,0
BRDA:79,7,3,0
BRDA:79,7,4,0
BRDA:79,7,5,0
BRDA:79,7,6,0
BRDA:79,7,7,0
BRDA:79,7,8,0
BRDA:79,7,9,0
BRDA:79,7,10,0
BRDA:93,8,0,0
BRDA:93,8,1,0
BRDA:114,9,0,0
BRDA:114,9,1,0
BRDA:129,10,0,0
BRDA:129,10,1,0
BRDA:130,11,0,0
BRDA:130,11,1,0
BRDA:142,12,0,0
BRDA:142,12,1,0
BRDA:151,13,0,0
BRDA:151,13,1,0
BRDA:153,14,0,0
BRDA:153,14,1,0
BRDA:155,15,0,0
BRDA:155,15,1,0
BRDA:159,16,0,0
BRDA:159,16,1,0
BRDA:205,17,0,0
BRDA:205,17,1,0
BRDA:205,17,2,0
BRDA:205,17,3,0
BRDA:206,18,0,0
BRDA:206,18,1,0
BRDA:230,19,0,0
BRDA:230,19,1,0
BRDA:245,20,0,0
BRDA:245,20,1,0
BRDA:257,21,0,0
BRDA:257,21,1,0
BRDA:279,22,0,0
BRDA:279,22,1,0
BRDA:300,23,0,0
BRDA:300,23,1,0
BRDA:315,24,0,2
BRDA:315,24,1,2
BRDA:347,25,0,0
BRDA:343,26,0,0
BRDA:343,26,1,0
BRDA:343,27,0,0
BRDA:343,27,1,0
BRDA:343,27,2,0
BRDA:354,28,0,0
BRDA:354,28,1,0
BRDA:358,29,0,0
BRDA:358,29,1,0
BRDA:362,30,0,0
BRDA:362,30,1,0
BRDA:395,31,0,0
BRDA:395,31,1,0
BRDA:396,32,0,0
BRDA:396,32,1,0
BRDA:396,32,2,0
BRF:80
BRH:2
end_of_record
TN:
SF:/Users/yannheeser/Dev/bandao/amplify-js/packages/datastore/src/datastore/datastore.ts
FN:77,(anonymous_20)
FN:85,(anonymous_21)
FN:91,(anonymous_22)
FN:102,(anonymous_23)
FN:136,(anonymous_24)
FN:143,(anonymous_25)
FN:148,(anonymous_26)
FN:153,(anonymous_27)
FN:177,(anonymous_28)
FN:182,(anonymous_29)
FN:193,(anonymous_30)
FN:196,(anonymous_31)
FN:204,(anonymous_32)
FN:218,modelInstanceCreator
FN:227,(anonymous_34)
FN:227,(anonymous_35)
FN:250,(anonymous_36)
FN:251,(anonymous_37)
FN:266,(anonymous_38)
FN:272,(anonymous_39)
FN:278,(anonymous_40)
FN:281,(anonymous_41)
FN:282,Model
FN:285,(anonymous_43)
FN:321,(anonymous_44)
FN:328,(anonymous_45)
FN:332,(anonymous_46)
FN:346,(anonymous_47)
FN:347,(anonymous_48)
FN:348,Model
FN:351,(anonymous_50)
FN:367,(anonymous_51)
FN:369,(anonymous_52)
FN:391,(anonymous_54)
FN:391,(anonymous_55)
FN:416,(anonymous_57)
FN:418,(anonymous_58)
FN:515,(anonymous_60)
FN:576,(anonymous_61)
FN:579,(anonymous_62)
FN:584,(anonymous_65)
FN:588,(anonymous_66)
FN:596,isQueryOne
FN:610,(anonymous_68)
FN:613,(anonymous_69)
FN:699,configure
FN:732,defaultConflictHandler
FN:738,setConflictHandler
FN:741,(anonymous_74)
FN:754,setErrorHandler
FN:757,(anonymous_76)
FN:770,defaultErrorHandler
FN:774,getModelConstructorByModelName
FN:808,checkSchemaVersion
FN:818,(anonymous_82)
FN:818,(anonymous_83)
FN:821,(anonymous_85)
FN:849,start
FN:852,(anonymous_89)
FN:895,(anonymous_90)
FN:905,(anonymous_91)
FN:921,clear
FN:937,getNamespace
FN:975,(anonymous_96)
FN:976,DataStore
FN:979,(anonymous_98)
FNF:66
FNH:0
FNDA:0,(anonymous_20)
FNDA:0,(anonymous_21)
FNDA:0,(anonymous_22)
FNDA:0,(anonymous_23)
FNDA:0,(anonymous_24)
FNDA:0,(anonymous_25)
FNDA:0,(anonymous_26)
FNDA:0,(anonymous_27)
FNDA:0,(anonymous_28)
FNDA:0,(anonymous_29)
FNDA:0,(anonymous_30)
FNDA:0,(anonymous_31)
FNDA:0,(anonymous_32)
FNDA:0,modelInstanceCreator
FNDA:0,(anonymous_34)
FNDA:0,(anonymous_35)
FNDA:0,(anonymous_36)
FNDA:0,(anonymous_37)
FNDA:0,(anonymous_38)
FNDA:0,(anonymous_39)
FNDA:0,(anonymous_40)
FNDA:0,(anonymous_41)
FNDA:0,Model
FNDA:0,(anonymous_43)
FNDA:0,(anonymous_44)
FNDA:0,(anonymous_45)
FNDA:0,(anonymous_46)
FNDA:0,(anonymous_47)
FNDA:0,(anonymous_48)
FNDA:0,Model
FNDA:0,(anonymous_50)
FNDA:0,(anonymous_51)
FNDA:0,(anonymous_52)
FNDA:0,(anonymous_54)
FNDA:0,(anonymous_55)
FNDA:0,(anonymous_57)
FNDA:0,(anonymous_58)
FNDA:0,(anonymous_60)
FNDA:0,(anonymous_61)
FNDA:0,(anonymous_62)
FNDA:0,(anonymous_65)
FNDA:0,(anonymous_66)
FNDA:0,isQueryOne
FNDA:0,(anonymous_68)
FNDA:0,(anonymous_69)
FNDA:0,configure
FNDA:0,defaultConflictHandler
FNDA:0,setConflictHandler
FNDA:0,(anonymous_74)
FNDA:0,setErrorHandler
FNDA:0,(anonymous_76)
FNDA:0,defaultErrorHandler
FNDA:0,getModelConstructorByModelName
FNDA:0,checkSchemaVersion
FNDA:0,(anonymous_82)
FNDA:0,(anonymous_83)
FNDA:0,(anonymous_85)
FNDA:0,start
FNDA:0,(anonymous_89)
FNDA:0,(anonymous_90)
FNDA:0,(anonymous_91)
FNDA:0,clear
FNDA:0,getNamespace
FNDA:0,(anonymous_96)
FNDA:0,DataStore
FNDA:0,(anonymous_98)
DA:1,56
DA:2,0
DA:3,0
DA:4,0
DA:5,0
DA:10,0
DA:11,0
DA:12,0
DA:39,0
DA:51,0
DA:53,0
DA:55,0
DA:68,0
DA:72,0
DA:77,0
DA:80,0
DA:82,0
DA:85,0
DA:88,0
DA:91,0
DA:92,0
DA:102,0
DA:103,0
DA:104,0
DA:107,0
DA:109,0
DA:114,0
DA:115,0
DA:116,0
DA:118,0
DA:119,0
DA:120,0
DA:122,0
DA:123,0
DA:124,0
DA:126,0
DA:136,0
DA:137,0
DA:141,0
DA:143,0
DA:144,0
DA:146,0
DA:149,0
DA:154,0
DA:157,0
DA:160,0
DA:162,0
DA:163,0
DA:164,0
DA:165,0
DA:167,0
DA:168,0
DA:169,0
DA:174,0
DA:175,0
DA:177,0
DA:178,0
DA:182,0
DA:185,0
DA:188,0
DA:193,0
DA:194,0
DA:196,0
DA:197,0
DA:198,0
DA:200,0
DA:203,0
DA:204,0
DA:205,0
DA:206,0
DA:210,0
DA:215,0
DA:222,0
DA:224,0
DA:227,0
DA:231,0
DA:233,0
DA:234,0
DA:236,0
DA:237,0
DA:240,0
DA:241,0
DA:243,0
DA:244,0
DA:245,0
DA:250,0
DA:251,0
DA:253,0
DA:257,0
DA:258,0
DA:266,0
DA:271,0
DA:272,0
DA:273,0
DA:274,0
DA:278,0
DA:281,0
DA:283,0
DA:286,0
DA:288,0
DA:294,0
DA:295,0
DA:296,0
DA:297,0
DA:302,0
DA:308,0
DA:310,0
DA:311,0
DA:312,0
DA:313,0
DA:318,0
DA:321,0
DA:322,0
DA:323,0
DA:324,0
DA:325,0
DA:326,0
DA:328,0
DA:329,0
DA:330,0
DA:331,0
DA:332,0
DA:333,0
DA:337,0
DA:339,0
DA:341,0
DA:343,0
DA:346,0
DA:347,0
DA:349,0
DA:352,0
DA:356,0
DA:358,0
DA:360,0
DA:362,0
DA:364,0
DA:367,0
DA:369,0
DA:371,0
DA:373,0
DA:377,0
DA:378,0
DA:379,0
DA:381,0
DA:384,0
DA:386,0
DA:391,0
DA:392,0
DA:394,0
DA:400,0
DA:416,0
DA:418,0
DA:420,0
DA:424,0
DA:425,0
DA:426,0
DA:428,0
DA:431,0
DA:432,0
DA:434,0
DA:435,0
DA:437,0
DA:439,0
DA:442,0
DA:443,0
DA:448,0
DA:457,0
DA:458,0
DA:460,0
DA:462,0
DA:466,0
DA:468,0
DA:470,0
DA:471,0
DA:474,0
DA:475,0
DA:476,0
DA:478,0
DA:481,0
DA:483,0
DA:488,0
DA:489,0
DA:490,0
DA:491,0
DA:493,0
DA:496,0
DA:498,0
DA:501,0
DA:503,0
DA:515,0
DA:522,0
DA:526,0
DA:527,0
DA:529,0
DA:531,0
DA:532,0
DA:533,0
DA:539,0
DA:542,0
DA:543,0
DA:545,0
DA:549,0
DA:550,0
DA:551,0
DA:552,0
DA:555,0
DA:556,0
DA:557,0
DA:559,0
DA:562,0
DA:563,0
DA:568,0
DA:576,0
DA:579,0
DA:580,0
DA:582,0
DA:584,0
DA:588,0
DA:589,0
DA:590,0
DA:597,0
DA:610,0
DA:613,0
DA:615,0
DA:619,0
DA:620,0
DA:621,0
DA:623,0
DA:626,0
DA:627,0
DA:628,0
DA:632,0
DA:635,0
DA:636,0
DA:641,0
DA:643,0
DA:645,0
DA:652,0
DA:654,0
DA:655,0
DA:658,0
DA:659,0
DA:660,0
DA:663,0
DA:664,0
DA:668,0
DA:669,0
DA:670,0
DA:673,0
DA:674,0
DA:680,0
DA:686,0
DA:688,0
DA:692,0
DA:699,0
DA:701,0
DA:702,0
DA:703,0
DA:704,0
DA:705,0
DA:706,0
DA:707,0
DA:710,0
DA:712,0
DA:713,0
DA:715,0
DA:720,0
DA:725,0
DA:733,0
DA:734,0
DA:735,0
DA:739,0
DA:741,0
DA:742,0
DA:744,0
DA:745,0
DA:747,0
DA:748,0
DA:751,0
DA:755,0
DA:757,0
DA:758,0
DA:760,0
DA:761,0
DA:763,0
DA:764,0
DA:767,0
DA:771,0
DA:780,0
DA:782,0
DA:783,0
DA:785,0
DA:786,0
DA:788,0
DA:789,0
DA:791,0
DA:792,0
DA:794,0
DA:795,0
DA:798,0
DA:799,0
DA:801,0
DA:802,0
DA:804,0
DA:812,0
DA:816,0
DA:818,0
DA:819,0
DA:822,0
DA:827,0
DA:828,0
DA:830,0
DA:831,0
DA:834,0
DA:850,0
DA:851,0
DA:852,0
DA:853,0
DA:854,0
DA:857,0
DA:859,0
DA:862,0
DA:869,0
DA:871,0
DA:873,0
DA:875,0
DA:876,0
DA:878,0
DA:891,0
DA:892,0
DA:895,0
DA:896,0
DA:897,0
DA:900,0
DA:906,0
DA:907,0
DA:911,0
DA:915,0
DA:918,0
DA:922,0
DA:923,0
DA:926,0
DA:927,0
DA:930,0
DA:932,0
DA:933,0
DA:934,0
DA:938,0
DA:972,0
DA:975,0
DA:977,0
DA:979,0
DA:980,0
DA:982,0
DA:983,0
DA:984,0
DA:985,0
DA:986,0
DA:987,0
DA:988,0
DA:989,0
DA:991,0
DA:993,0
LF:363
LH:1
BRDA:88,0,0,0
BRDA:88,0,1,0
BRDA:103,1,0,0
BRDA:103,1,1,0
BRDA:149,2,0,0
BRDA:149,2,1,0
BRDA:149,2,2,0
BRDA:163,3,0,0
BRDA:163,3,1,0
BRDA:164,4,0,0
BRDA:164,4,1,0
BRDA:168,5,0,0
BRDA:168,5,1,0
BRDA:177,6,0,0
BRDA:177,6,1,0
BRDA:203,7,0,0
BRDA:203,7,1,0
BRDA:233,8,0,0
BRDA:233,8,1,0
BRDA:236,9,0,0
BRDA:236,9,1,0
BRDA:236,10,0,0
BRDA:236,10,1,0
BRDA:236,10,2,0
BRDA:240,11,0,0
BRDA:240,11,1,0
BRDA:243,12,0,0
BRDA:243,12,1,0
BRDA:244,13,0,0
BRDA:244,13,1,0
BRDA:250,14,0,0
BRDA:250,14,1,0
BRDA:257,15,0,0
BRDA:257,15,1,0
BRDA:257,16,0,0
BRDA:257,16,1,0
BRDA:291,17,0,0
BRDA:291,17,1,0
BRDA:303,18,0,0
BRDA:303,18,1,0
BRDA:302,19,0,0
BRDA:302,19,1,0
BRDA:305,20,0,0
BRDA:305,20,1,0
BRDA:310,21,0,0
BRDA:310,21,1,0
BRDA:322,22,0,0
BRDA:322,22,1,0
BRDA:323,23,0,0
BRDA:323,23,1,0
BRDA:371,24,0,0
BRDA:374,25,0,0
BRDA:374,25,1,0
BRDA:377,26,0,0
BRDA:377,26,1,0
BRDA:392,27,0,0
BRDA:420,28,0,0
BRDA:424,29,0,0
BRDA:424,29,1,0
BRDA:431,30,0,0
BRDA:431,30,1,0
BRDA:434,31,0,0
BRDA:434,31,1,0
BRDA:442,32,0,0
BRDA:442,32,1,0
BRDA:457,33,0,0
BRDA:457,33,1,0
BRDA:457,34,0,0
BRDA:457,34,1,0
BRDA:471,35,0,0
BRDA:471,35,1,0
BRDA:474,36,0,0
BRDA:474,36,1,0
BRDA:488,37,0,0
BRDA:488,37,1,0
BRDA:489,38,0,0
BRDA:489,38,1,0
BRDA:523,39,0,0
BRDA:523,39,1,0
BRDA:522,40,0,0
BRDA:522,40,1,0
BRDA:526,41,0,0
BRDA:526,41,1,0
BRDA:526,42,0,0
BRDA:526,42,1,0
BRDA:529,43,0,0
BRDA:529,43,1,0
BRDA:531,44,0,0
BRDA:531,44,1,0
BRDA:532,45,0,0
BRDA:532,45,1,0
BRDA:549,46,0,0
BRDA:549,46,1,0
BRDA:549,47,0,0
BRDA:549,47,1,0
BRDA:555,48,0,0
BRDA:555,48,1,0
BRDA:555,49,0,0
BRDA:555,49,1,0
BRDA:562,50,0,0
BRDA:562,50,1,0
BRDA:569,51,0,0
BRDA:569,51,1,0
BRDA:580,52,0,0
BRDA:589,53,0,0
BRDA:589,53,1,0
BRDA:615,54,0,0
BRDA:619,55,0,0
BRDA:619,55,1,0
BRDA:626,56,0,0
BRDA:626,56,1,0
BRDA:627,57,0,0
BRDA:627,57,1,0
BRDA:635,58,0,0
BRDA:635,58,1,0
BRDA:641,59,0,0
BRDA:641,59,1,0
BRDA:652,60,0,0
BRDA:652,60,1,0
BRDA:654,61,0,0
BRDA:654,61,1,0
BRDA:654,62,0,0
BRDA:654,62,1,0
BRDA:658,63,0,0
BRDA:658,63,1,0
BRDA:659,64,0,0
BRDA:659,64,1,0
BRDA:663,65,0,0
BRDA:663,65,1,0
BRDA:668,66,0,0
BRDA:668,66,1,0
BRDA:669,67,0,0
BRDA:669,67,1,0
BRDA:673,68,0,0
BRDA:673,68,1,0
BRDA:688,69,0,0
BRDA:688,69,1,0
BRDA:699,70,0,0
BRDA:699,70,1,0
BRDA:716,71,0,0
BRDA:716,71,1,0
BRDA:716,71,2,0
BRDA:716,71,3,0
BRDA:721,72,0,0
BRDA:721,72,1,0
BRDA:721,72,2,0
BRDA:721,72,3,0
BRDA:726,73,0,0
BRDA:726,73,1,0
BRDA:726,73,2,0
BRDA:726,73,3,0
BRDA:726,73,4,0
BRDA:744,74,0,0
BRDA:744,74,1,0
BRDA:747,75,0,0
BRDA:747,75,1,0
BRDA:747,76,0,0
BRDA:747,76,1,0
BRDA:751,77,0,0
BRDA:751,77,1,0
BRDA:760,78,0,0
BRDA:760,78,1,0
BRDA:763,79,0,0
BRDA:763,79,1,0
BRDA:763,80,0,0
BRDA:763,80,1,0
BRDA:767,81,0,0
BRDA:767,81,1,0
BRDA:781,82,0,0
BRDA:781,82,1,0
BRDA:781,82,2,0
BRDA:781,82,3,0
BRDA:781,82,4,0
BRDA:798,83,0,0
BRDA:798,83,1,0
BRDA:819,84,0,0
BRDA:819,84,1,0
BRDA:827,85,0,0
BRDA:827,85,1,0
BRDA:830,86,0,0
BRDA:830,86,1,0
BRDA:857,87,0,0
BRDA:850,88,0,0
BRDA:850,88,1,0
BRDA:875,89,0,0
BRDA:875,89,1,0
BRDA:896,90,0,0
BRDA:896,90,1,0
BRDA:922,91,0,0
BRDA:922,91,1,0
BRDA:926,92,0,0
BRDA:926,92,1,0
BRDA:926,93,0,0
BRDA:926,93,1,0
BRF:194
BRH:0
end_of_record
TN:
SF:/Users/yannheeser/Dev/bandao/amplify-js/packages/datastore/src/predicates/index.ts
FN:15,isPredicatesAll
FN:24,(anonymous_1)
FN:25,(anonymous_3)
FN:26,(anonymous_4)
FN:34,(anonymous_5)
FN:40,(anonymous_7)
FN:50,(anonymous_8)
FN:61,(anonymous_9)
FN:105,(anonymous_10)
FN:130,(anonymous_11)
FN:136,(anonymous_12)
FN:147,(anonymous_13)
FN:160,(anonymous_14)
FNF:13
FNH:2
FNDA:0,isPredicatesAll
FNDA:1,(anonymous_1)
FNDA:0,(anonymous_3)
FNDA:0,(anonymous_4)
FNDA:1,(anonymous_5)
FNDA:0,(anonymous_7)
FNDA:0,(anonymous_8)
FNDA:0,(anonymous_9)
FNDA:0,(anonymous_10)
FNDA:0,(anonymous_11)
FNDA:0,(anonymous_12)
FNDA:0,(anonymous_13)
FNDA:0,(anonymous_14)
DA:11,1
DA:13,1
DA:15,1
DA:18,0
DA:22,1
DA:24,1
DA:25,1
DA:26,0
DA:28,0
DA:30,0
DA:32,1
DA:34,1
DA:35,1
DA:40,1
DA:43,0
DA:44,0
DA:47,0
DA:55,0
DA:57,0
DA:61,0
DA:64,0
DA:70,0
DA:76,0
DA:82,0
DA:85,0
DA:89,0
DA:92,0
DA:94,0
DA:97,0
DA:99,0
DA:100,0
DA:105,0
DA:109,0
DA:113,0
DA:116,0
DA:121,0
DA:125,0
DA:127,0
DA:130,1
DA:133,0
DA:136,1
DA:138,0
DA:140,0
DA:141,0
DA:144,0
DA:147,1
DA:151,0
DA:152,0
DA:155,0
DA:160,1
DA:164,0
DA:169,1
LF:52
LH:15
BRDA:58,0,0,0
BRDA:58,0,1,0
BRDA:58,0,2,0
BRDA:58,0,3,0
BRDA:99,1,0,0
BRDA:99,1,1,0
BRDA:138,2,0,0
BRDA:138,2,1,0
BRDA:140,3,0,0
BRDA:140,3,1,0
BRDA:140,4,0,0
BRDA:140,4,1,0
BRDA:151,5,0,0
BRDA:151,5,1,0
BRDA:151,6,0,0
BRDA:151,6,1,0
BRF:16
BRH:0
end_of_record
TN:
SF:/Users/yannheeser/Dev/bandao/amplify-js/packages/datastore/src/sync/utils.ts
FN:25,(anonymous_2)
FN:33,(anonymous_3)
FN:49,getMetadataFields
FN:53,generateSelectionSet
FN:61,(anonymous_6)
FN:75,getScalarFields
FN:81,(anonymous_8)
FN:88,(anonymous_9)
FN:97,getConnectionFields
FN:101,(anonymous_11)
FN:102,(anonymous_12)
FN:123,getNonModelFields
FN:129,(anonymous_14)
FN:133,(anonymous_15)
FN:137,(anonymous_16)
FN:156,getAuthorizationRules
FN:163,(anonymous_18)
FN:169,(anonymous_19)
FN:182,(anonymous_20)
FN:201,(anonymous_21)
FN:222,buildSubscriptionGraphQLOperation
FN:253,buildGraphQLOperation
FN:321,createMutationInstanceFromModelOperation
FN:362,predicateToGraphQLCondition
FN:371,(anonymous_26)
FNF:25
FNH:17
FNDA:1,(anonymous_2)
FNDA:1,(anonymous_3)
FNDA:8,getMetadataFields
FNDA:16,generateSelectionSet
FNDA:24,(anonymous_6)
FNDA:24,getScalarFields
FNDA:88,(anonymous_8)
FNDA:40,(anonymous_9)
FNDA:8,getConnectionFields
FNDA:56,(anonymous_11)
FNDA:32,(anonymous_12)
FNDA:16,getNonModelFields
FNDA:64,(anonymous_14)
FNDA:16,(anonymous_15)
FNDA:24,(anonymous_16)
FNDA:0,getAuthorizationRules
FNDA:0,(anonymous_18)
FNDA:0,(anonymous_19)
FNDA:0,(anonymous_20)
FNDA:0,(anonymous_21)
FNDA:3,buildSubscriptionGraphQLOperation
FNDA:5,buildGraphQLOperation
FNDA:0,createMutationInstanceFromModelOperation
FNDA:0,predicateToGraphQLCondition
FNDA:0,(anonymous_26)
DA:2,1
DA:22,1
DA:25,1
DA:26,1
DA:27,1
DA:28,1
DA:29,1
DA:30,1
DA:33,1
DA:34,1
DA:35,1
DA:36,1
DA:37,1
DA:40,1
DA:47,1
DA:49,1
DA:50,8
DA:57,16
DA:58,16
DA:60,16
DA:61,24
DA:64,16
DA:65,8
DA:70,16
DA:72,16
DA:78,24
DA:80,24
DA:82,88
DA:83,40
DA:86,48
DA:89,40
DA:91,40
DA:94,24
DA:98,8
DA:100,8
DA:101,56
DA:102,32
DA:103,32
DA:105,32
DA:109,16
DA:111,16
DA:112,16
DA:114,16
DA:116,0
DA:120,8
DA:127,16
DA:129,64
DA:130,64
DA:131,8
DA:132,8
DA:133,16
DA:136,8
DA:137,8
DA:138,24
DA:140,24
DA:141,8
DA:143,8
DA:149,8
DA:153,16
DA:156,1
DA:161,0
DA:163,0
DA:165,0
DA:167,0
DA:169,0
DA:172,0
DA:173,0
DA:174,0
DA:175,0
DA:176,0
DA:177,0
DA:178,0
DA:181,0
DA:182,0
DA:185,0
DA:186,0
DA:196,0
DA:199,0
DA:201,0
DA:204,0
DA:207,0
DA:211,0
DA:212,0
DA:214,0
DA:219,0
DA:222,1
DA:229,3
DA:231,3
DA:233,3
DA:234,3
DA:235,3
DA:237,3
DA:238,0
DA:239,0
DA:242,3
DA:253,1
DA:258,5
DA:260,5
DA:263,5
DA:264,5
DA:267,5
DA:269,1
DA:270,1
DA:271,1
DA:273,1
DA:278,1
DA:280,1
DA:281,1
DA:282,1
DA:283,1
DA:284,1
DA:286,1
DA:287,1
DA:288,1
DA:289,1
DA:290,1
DA:292,1
DA:293,1
DA:294,1
DA:295,1
DA:296,1
DA:298,1
DA:299,1
DA:300,1
DA:301,1
DA:302,1
DA:305,0
DA:308,5
DA:321,1
DA:336,0
DA:338,0
DA:339,0
DA:341,0
DA:342,0
DA:344,0
DA:345,0
DA:347,0
DA:350,0
DA:359,0
DA:362,1
DA:365,0
DA:367,0
DA:368,0
DA:371,0
DA:372,0
DA:373,0
DA:375,0
DA:376,0
DA:379,0
DA:381,0
DA:385,0
LF:151
LH:101
BRDA:25,0,0,1
BRDA:25,0,1,1
BRDA:33,1,0,1
BRDA:33,1,1,1
BRDA:64,2,0,8
BRDA:64,2,1,8
BRDA:82,3,0,40
BRDA:82,3,1,48
BRDA:82,4,0,88
BRDA:82,4,1,48
BRDA:101,5,0,56
BRDA:101,5,1,32
BRDA:106,6,0,0
BRDA:106,6,1,16
BRDA:106,6,2,16
BRDA:106,6,3,0
BRDA:111,7,0,16
BRDA:111,7,1,0
BRDA:130,8,0,8
BRDA:130,8,1,56
BRDA:140,9,0,8
BRDA:140,9,1,16
BRDA:163,10,0,0
BRDA:163,10,1,0
BRDA:165,11,0,0
BRDA:165,11,1,0
BRDA:165,12,0,0
BRDA:165,12,1,0
BRDA:172,13,0,0
BRDA:172,13,1,0
BRDA:173,14,0,0
BRDA:173,14,1,0
BRDA:174,15,0,0
BRDA:174,15,1,0
BRDA:175,16,0,0
BRDA:175,16,1,0
BRDA:176,17,0,0
BRDA:176,17,1,0
BRDA:177,18,0,0
BRDA:177,18,1,0
BRDA:178,19,0,0
BRDA:178,19,1,0
BRDA:185,20,0,0
BRDA:185,20,1,0
BRDA:196,21,0,0
BRDA:196,21,1,0
BRDA:201,22,0,0
BRDA:201,22,1,0
BRDA:204,23,0,0
BRDA:204,23,1,0
BRDA:204,24,0,0
BRDA:204,24,1,0
BRDA:204,25,0,0
BRDA:204,25,1,0
BRDA:211,26,0,0
BRDA:211,26,1,0
BRDA:237,27,0,0
BRDA:237,27,1,3
BRDA:268,28,0,1
BRDA:268,28,1,1
BRDA:268,28,2,1
BRDA:268,28,3,1
BRDA:268,28,4,1
BRDA:268,28,5,0
BRDA:337,29,0,0
BRDA:337,29,1,0
BRDA:337,29,2,0
BRDA:337,29,3,0
BRDA:351,30,0,0
BRDA:351,30,1,0
BRDA:367,31,0,0
BRDA:367,31,1,0
BRDA:367,32,0,0
BRDA:367,32,1,0
BRDA:372,33,0,0
BRDA:372,33,1,0
BRDA:375,34,0,0
BRDA:375,34,1,0
BRF:78
BRH:25
end_of_record
